Added Pin To Net: NetName=+3V3 Pin=J1-33
Added Pin To Net: NetName=+3V3 Pin=J3-4
Added Pin To Net: NetName=+3V3 Pin=J6-33
Added Pin To Net: NetName=+3V3 Pin=Q1-1
Added Pin To Net: NetName=+3V3 Pin=Q2-1
Added Pin To Net: NetName=+3V3 Pin=Q3-1
Added Pin To Net: NetName=+3V3 Pin=Q4-1
Added Pin To Net: NetName=+3V3 Pin=Q5-1
Added Pin To Net: NetName=+3V3 Pin=Q6-1
Added Pin To Net: NetName=+3V3 Pin=Q7-1
Added Pin To Net: NetName=+3V3 Pin=Q8-1
Added Pin To Net: NetName=+3V3 Pin=Q9-1
Added Pin To Net: NetName=+3V3 Pin=Q10-1
Added Pin To Net: NetName=+3V3 Pin=Q11-1
Added Pin To Net: NetName=+3V3 Pin=Q12-1
Added Pin To Net: NetName=+3V3 Pin=R5-2
Added Pin To Net: NetName=+3V3 Pin=R6-2
Added Pin To Net: NetName=+3V3 Pin=R7-2
Added Pin To Net: NetName=+3V3 Pin=R8-2
Added Pin To Net: NetName=+3V3 Pin=R13-2
Added Pin To Net: NetName=+3V3 Pin=R14-2
Added Pin To Net: NetName=+3V3 Pin=R15-2
Added Pin To Net: NetName=+3V3 Pin=R16-2
Added Pin To Net: NetName=+3V3 Pin=R21-2
Added Pin To Net: NetName=+3V3 Pin=R22-2
Added Pin To Net: NetName=+3V3 Pin=R23-2
Added Pin To Net: NetName=+3V3 Pin=R24-2
Added Net: Name=+3V3
Added Pin To Net: NetName=+5 Pin=J1-1
Added Pin To Net: NetName=+5 Pin=J6-1
Added Pin To Net: NetName=+5 Pin=J10_Sens1-2
Added Pin To Net: NetName=+5 Pin=J10_Sens2-2
Added Pin To Net: NetName=+5 Pin=J10_Sens3-2
Added Pin To Net: NetName=+5 Pin=J10_Sens4-2
Added Pin To Net: NetName=+5 Pin=R1-2
Added Pin To Net: NetName=+5 Pin=R2-2
Added Pin To Net: NetName=+5 Pin=R3-2
Added Pin To Net: NetName=+5 Pin=R4-2
Added Pin To Net: NetName=+5 Pin=R9-2
Added Pin To Net: NetName=+5 Pin=R10-2
Added Pin To Net: NetName=+5 Pin=R11-2
Added Pin To Net: NetName=+5 Pin=R12-2
Added Pin To Net: NetName=+5 Pin=R17-2
Added Pin To Net: NetName=+5 Pin=R18-2
Added Pin To Net: NetName=+5 Pin=R19-2
Added Pin To Net: NetName=+5 Pin=R20-2
Added Net: Name=+5
Added Pin To Net: NetName=A1 Pin=J4-1
Added Pin To Net: NetName=A1 Pin=Q1-2
Added Pin To Net: NetName=A1 Pin=R5-1
Added Net: Name=A1
Added Pin To Net: NetName=A2 Pin=J4-2
Added Pin To Net: NetName=A2 Pin=Q2-2
Added Pin To Net: NetName=A2 Pin=R6-1
Added Net: Name=A2
Added Pin To Net: NetName=A3 Pin=J4-3
Added Pin To Net: NetName=A3 Pin=Q3-2
Added Pin To Net: NetName=A3 Pin=R7-1
Added Net: Name=A3
Added Pin To Net: NetName=A4 Pin=J4-4
Added Pin To Net: NetName=A4 Pin=Q4-2
Added Pin To Net: NetName=A4 Pin=R8-1
Added Net: Name=A4
Added Pin To Net: NetName=A5 Pin=J4-5
Added Pin To Net: NetName=A5 Pin=Q5-2
Added Pin To Net: NetName=A5 Pin=R13-1
Added Net: Name=A5
Added Pin To Net: NetName=A6 Pin=J4-6
Added Pin To Net: NetName=A6 Pin=Q6-2
Added Pin To Net: NetName=A6 Pin=R14-1
Added Net: Name=A6
Added Pin To Net: NetName=A7 Pin=J4-7
Added Pin To Net: NetName=A7 Pin=Q7-2
Added Pin To Net: NetName=A7 Pin=R15-1
Added Net: Name=A7
Added Pin To Net: NetName=A8 Pin=J4-8
Added Pin To Net: NetName=A8 Pin=Q8-2
Added Pin To Net: NetName=A8 Pin=R16-1
Added Net: Name=A8
Added Pin To Net: NetName=A9 Pin=J7-1
Added Pin To Net: NetName=A9 Pin=Q9-2
Added Pin To Net: NetName=A9 Pin=R21-1
Added Net: Name=A9
Added Pin To Net: NetName=A10 Pin=J7-2
Added Pin To Net: NetName=A10 Pin=Q10-2
Added Pin To Net: NetName=A10 Pin=R22-1
Added Net: Name=A10
Added Pin To Net: NetName=A11 Pin=J7-3
Added Pin To Net: NetName=A11 Pin=Q11-2
Added Pin To Net: NetName=A11 Pin=R23-1
Added Net: Name=A11
Added Pin To Net: NetName=A12 Pin=J7-4
Added Pin To Net: NetName=A12 Pin=Q12-2
Added Pin To Net: NetName=A12 Pin=R24-1
Added Net: Name=A12
Added Pin To Net: NetName=AI1 Pin=J1-3
Added Pin To Net: NetName=AI1 Pin=Q1-3
Added Pin To Net: NetName=AI1 Pin=R1-1
Added Net: Name=AI1
Added Pin To Net: NetName=AI2 Pin=J1-5
Added Pin To Net: NetName=AI2 Pin=Q2-3
Added Pin To Net: NetName=AI2 Pin=R2-1
Added Net: Name=AI2
Added Pin To Net: NetName=AI3 Pin=J1-7
Added Pin To Net: NetName=AI3 Pin=Q3-3
Added Pin To Net: NetName=AI3 Pin=R3-1
Added Net: Name=AI3
Added Pin To Net: NetName=AI4 Pin=J1-9
Added Pin To Net: NetName=AI4 Pin=Q4-3
Added Pin To Net: NetName=AI4 Pin=R4-1
Added Net: Name=AI4
Added Pin To Net: NetName=AI5 Pin=J6-3
Added Pin To Net: NetName=AI5 Pin=Q5-3
Added Pin To Net: NetName=AI5 Pin=R9-1
Added Net: Name=AI5
Added Pin To Net: NetName=AI6 Pin=J6-5
Added Pin To Net: NetName=AI6 Pin=Q6-3
Added Pin To Net: NetName=AI6 Pin=R10-1
Added Net: Name=AI6
Added Pin To Net: NetName=AI7 Pin=J6-7
Added Pin To Net: NetName=AI7 Pin=Q7-3
Added Pin To Net: NetName=AI7 Pin=R11-1
Added Net: Name=AI7
Added Pin To Net: NetName=AI8 Pin=J6-9
Added Pin To Net: NetName=AI8 Pin=Q8-3
Added Pin To Net: NetName=AI8 Pin=R12-1
Added Net: Name=AI8
Added Pin To Net: NetName=AI9 Pin=J10_Sens1-3
Added Pin To Net: NetName=AI9 Pin=Q9-3
Added Pin To Net: NetName=AI9 Pin=R17-1
Added Pin To Net: NetName=AI9 Pin=R25_Sens1-1
Added Net: Name=AI9
Added Pin To Net: NetName=AI10 Pin=J10_Sens2-3
Added Pin To Net: NetName=AI10 Pin=Q10-3
Added Pin To Net: NetName=AI10 Pin=R18-1
Added Pin To Net: NetName=AI10 Pin=R25_Sens2-1
Added Net: Name=AI10
Added Pin To Net: NetName=AI11 Pin=J10_Sens3-3
Added Pin To Net: NetName=AI11 Pin=Q11-3
Added Pin To Net: NetName=AI11 Pin=R19-1
Added Pin To Net: NetName=AI11 Pin=R25_Sens3-1
Added Net: Name=AI11
Added Pin To Net: NetName=AI12 Pin=J10_Sens4-3
Added Pin To Net: NetName=AI12 Pin=Q12-3
Added Pin To Net: NetName=AI12 Pin=R20-1
Added Pin To Net: NetName=AI12 Pin=R25_Sens4-1
Added Net: Name=AI12
Added Pin To Net: NetName=DIO1 Pin=J1-11
Added Pin To Net: NetName=DIO1 Pin=J9-3
Added Net: Name=DIO1
Added Pin To Net: NetName=DIO2 Pin=J1-13
Added Pin To Net: NetName=DIO2 Pin=J9-4
Added Net: Name=DIO2
Added Pin To Net: NetName=DIO3 Pin=J1-15
Added Pin To Net: NetName=DIO3 Pin=J9-5
Added Net: Name=DIO3
Added Pin To Net: NetName=DIO4 Pin=J1-17
Added Pin To Net: NetName=DIO4 Pin=J9-6
Added Net: Name=DIO4
Added Pin To Net: NetName=DIO5 Pin=J1-18
Added Pin To Net: NetName=DIO5 Pin=J9-7
Added Net: Name=DIO5
Added Pin To Net: NetName=DIO6 Pin=J1-19
Added Pin To Net: NetName=DIO6 Pin=J9-8
Added Net: Name=DIO6
Added Pin To Net: NetName=DIO7 Pin=J1-21
Added Pin To Net: NetName=DIO7 Pin=J9-9
Added Net: Name=DIO7
Added Pin To Net: NetName=DIO8 Pin=J1-22
Added Pin To Net: NetName=DIO8 Pin=J9-10
Added Net: Name=DIO8
Added Pin To Net: NetName=DIO9 Pin=J1-23
Added Pin To Net: NetName=DIO9 Pin=J9-11
Added Net: Name=DIO9
Added Pin To Net: NetName=DIO10 Pin=J1-25
Added Pin To Net: NetName=DIO10 Pin=J9-12
Added Net: Name=DIO10
Added Pin To Net: NetName=DIO11 Pin=J1-26
Added Pin To Net: NetName=DIO11 Pin=J9-13
Added Net: Name=DIO11
Added Pin To Net: NetName=DIO12 Pin=J1-32
Added Pin To Net: NetName=DIO12 Pin=J9-14
Added Net: Name=DIO12
Added Pin To Net: NetName=DIO13 Pin=J1-34
Added Pin To Net: NetName=DIO13 Pin=J9-15
Added Net: Name=DIO13
Added Pin To Net: NetName=DIO14 Pin=J6-11
Added Pin To Net: NetName=DIO14 Pin=J9-17
Added Net: Name=DIO14
Added Pin To Net: NetName=DIO15 Pin=J6-13
Added Pin To Net: NetName=DIO15 Pin=J9-19
Added Net: Name=DIO15
Added Pin To Net: NetName=DIO16 Pin=J6-15
Added Pin To Net: NetName=DIO16 Pin=J9-21
Added Net: Name=DIO16
Added Pin To Net: NetName=DIO17 Pin=J6-17
Added Pin To Net: NetName=DIO17 Pin=J9-24
Added Net: Name=DIO17
Added Pin To Net: NetName=DIO18 Pin=J6-18
Added Pin To Net: NetName=DIO18 Pin=J9-25
Added Net: Name=DIO18
Added Pin To Net: NetName=DIO19 Pin=J6-19
Added Pin To Net: NetName=DIO19 Pin=J9-27
Added Net: Name=DIO19
Added Pin To Net: NetName=DIO20 Pin=J6-21
Added Pin To Net: NetName=DIO20 Pin=J9-28
Added Net: Name=DIO20
Added Pin To Net: NetName=DIO21 Pin=J6-22
Added Pin To Net: NetName=DIO21 Pin=J9-29
Added Net: Name=DIO21
Added Pin To Net: NetName=DIO22 Pin=J6-23
Added Pin To Net: NetName=DIO22 Pin=J9-30
Added Net: Name=DIO22
Added Pin To Net: NetName=DIO23 Pin=J6-25
Added Pin To Net: NetName=DIO23 Pin=J9-31
Added Net: Name=DIO23
Added Pin To Net: NetName=DIO24 Pin=J6-26
Added Pin To Net: NetName=DIO24 Pin=J9-32
Added Net: Name=DIO24
Added Pin To Net: NetName=DIO25 Pin=J6-32
Added Pin To Net: NetName=DIO25 Pin=J9-33
Added Net: Name=DIO25
Added Pin To Net: NetName=DIO26 Pin=J6-34
Added Pin To Net: NetName=DIO26 Pin=J9-34
Added Net: Name=DIO26
Added Pin To Net: NetName=GND Pin=J1-6
Added Pin To Net: NetName=GND Pin=J1-8
Added Pin To Net: NetName=GND Pin=J1-12
Added Pin To Net: NetName=GND Pin=J1-16
Added Pin To Net: NetName=GND Pin=J1-20
Added Pin To Net: NetName=GND Pin=J1-24
Added Pin To Net: NetName=GND Pin=J1-28
Added Pin To Net: NetName=GND Pin=J1-30
Added Pin To Net: NetName=GND Pin=J2-4
Added Pin To Net: NetName=GND Pin=J3-6
Added Pin To Net: NetName=GND Pin=J3-7
Added Pin To Net: NetName=GND Pin=J6-6
Added Pin To Net: NetName=GND Pin=J6-8
Added Pin To Net: NetName=GND Pin=J6-12
Added Pin To Net: NetName=GND Pin=J6-16
Added Pin To Net: NetName=GND Pin=J6-20
Added Pin To Net: NetName=GND Pin=J6-24
Added Pin To Net: NetName=GND Pin=J6-28
Added Pin To Net: NetName=GND Pin=J6-30
Added Pin To Net: NetName=GND Pin=J9-35
Added Pin To Net: NetName=GND Pin=J9-36
Added Pin To Net: NetName=GND Pin=J10_Sens1-1
Added Pin To Net: NetName=GND Pin=J10_Sens2-1
Added Pin To Net: NetName=GND Pin=J10_Sens3-1
Added Pin To Net: NetName=GND Pin=J10_Sens4-1
Added Pin To Net: NetName=GND Pin=J11-6
Added Pin To Net: NetName=GND Pin=R25_Sens1-2
Added Pin To Net: NetName=GND Pin=R25_Sens2-2
Added Pin To Net: NetName=GND Pin=R25_Sens3-2
Added Pin To Net: NetName=GND Pin=R25_Sens4-2
Added Net: Name=GND
Added Pin To Net: NetName=PWM1 Pin=J1-29
Added Pin To Net: NetName=PWM1 Pin=J9-16
Added Net: Name=PWM1
Added Pin To Net: NetName=PWM2 Pin=J1-31
Added Pin To Net: NetName=PWM2 Pin=J9-18
Added Net: Name=PWM2
Added Pin To Net: NetName=PWM3 Pin=J6-27
Added Pin To Net: NetName=PWM3 Pin=J9-20
Added Net: Name=PWM3
Added Pin To Net: NetName=PWM4 Pin=J6-29
Added Pin To Net: NetName=PWM4 Pin=J9-22
Added Net: Name=PWM4
Added Pin To Net: NetName=PWM5 Pin=J6-31
Added Pin To Net: NetName=PWM5 Pin=J9-23
Added Net: Name=PWM5
Added Pin To Net: NetName=PWMM Pin=J1-27
Added Pin To Net: NetName=PWMM Pin=J9-26
Added Net: Name=PWMM
Added Member To Class: ClassName=AI[9..12] Member=Element[0]: AI
Added Member To Class: ClassName=AI[9..12] Member=Element[1]: AI
Added Member To Class: ClassName=AI[9..12] Member=Element[2]: AI
Added Member To Class: ClassName=AI[9..12] Member=Element[3]: AI
