Change Managed Component Library Link : Designator=C5_OnOff1 Old VaultGUID= New VaultGUID=B7D15EC3-160A-466F-A46C-7801FE6295A7 Old ItemGUID= New ItemGUID=5D638074-7D7A-46B9-B382-B7CBDC5F02DB Old RevisionGUID= New RevisionGUID=BDF7518C-49B6-4976-A836-D3C56A4C72D9
Change Managed Component Library Link : Designator=C5_OnOff2 Old VaultGUID= New VaultGUID=B7D15EC3-160A-466F-A46C-7801FE6295A7 Old ItemGUID= New ItemGUID=5D638074-7D7A-46B9-B382-B7CBDC5F02DB Old RevisionGUID= New RevisionGUID=BDF7518C-49B6-4976-A836-D3C56A4C72D9
Change Managed Component Library Link : Designator=C5_OnOff3 Old VaultGUID= New VaultGUID=B7D15EC3-160A-466F-A46C-7801FE6295A7 Old ItemGUID= New ItemGUID=5D638074-7D7A-46B9-B382-B7CBDC5F02DB Old RevisionGUID= New RevisionGUID=BDF7518C-49B6-4976-A836-D3C56A4C72D9
Change Managed Component Library Link : Designator=C5_OnOff4 Old VaultGUID= New VaultGUID=B7D15EC3-160A-466F-A46C-7801FE6295A7 Old ItemGUID= New ItemGUID=5D638074-7D7A-46B9-B382-B7CBDC5F02DB Old RevisionGUID= New RevisionGUID=BDF7518C-49B6-4976-A836-D3C56A4C72D9
Change Managed Component Library Link : Designator=C5_OnOff5 Old VaultGUID= New VaultGUID=B7D15EC3-160A-466F-A46C-7801FE6295A7 Old ItemGUID= New ItemGUID=5D638074-7D7A-46B9-B382-B7CBDC5F02DB Old RevisionGUID= New RevisionGUID=BDF7518C-49B6-4976-A836-D3C56A4C72D9
Change Managed Component Library Link : Designator=C5_OnOff6 Old VaultGUID= New VaultGUID=B7D15EC3-160A-466F-A46C-7801FE6295A7 Old ItemGUID= New ItemGUID=5D638074-7D7A-46B9-B382-B7CBDC5F02DB Old RevisionGUID= New RevisionGUID=BDF7518C-49B6-4976-A836-D3C56A4C72D9
Change Managed Component Library Link : Designator=C5_OnOff7 Old VaultGUID= New VaultGUID=B7D15EC3-160A-466F-A46C-7801FE6295A7 Old ItemGUID= New ItemGUID=5D638074-7D7A-46B9-B382-B7CBDC5F02DB Old RevisionGUID= New RevisionGUID=BDF7518C-49B6-4976-A836-D3C56A4C72D9
Change Managed Component Library Link : Designator=C5_OnOff8 Old VaultGUID= New VaultGUID=B7D15EC3-160A-466F-A46C-7801FE6295A7 Old ItemGUID= New ItemGUID=5D638074-7D7A-46B9-B382-B7CBDC5F02DB Old RevisionGUID= New RevisionGUID=BDF7518C-49B6-4976-A836-D3C56A4C72D9
Change Managed Component Library Link : Designator=C5_OnOff9 Old VaultGUID= New VaultGUID=B7D15EC3-160A-466F-A46C-7801FE6295A7 Old ItemGUID= New ItemGUID=5D638074-7D7A-46B9-B382-B7CBDC5F02DB Old RevisionGUID= New RevisionGUID=BDF7518C-49B6-4976-A836-D3C56A4C72D9
Change Managed Component Library Link : Designator=C5_OnOff10 Old VaultGUID= New VaultGUID=B7D15EC3-160A-466F-A46C-7801FE6295A7 Old ItemGUID= New ItemGUID=5D638074-7D7A-46B9-B382-B7CBDC5F02DB Old RevisionGUID= New RevisionGUID=BDF7518C-49B6-4976-A836-D3C56A4C72D9
Change Managed Component Library Link : Designator=C5_OnOff11 Old VaultGUID= New VaultGUID=B7D15EC3-160A-466F-A46C-7801FE6295A7 Old ItemGUID= New ItemGUID=5D638074-7D7A-46B9-B382-B7CBDC5F02DB Old RevisionGUID= New RevisionGUID=BDF7518C-49B6-4976-A836-D3C56A4C72D9
Change Managed Component Library Link : Designator=C5_OnOff12 Old VaultGUID= New VaultGUID=B7D15EC3-160A-466F-A46C-7801FE6295A7 Old ItemGUID= New ItemGUID=5D638074-7D7A-46B9-B382-B7CBDC5F02DB Old RevisionGUID= New RevisionGUID=BDF7518C-49B6-4976-A836-D3C56A4C72D9
Change Managed Component Library Link : Designator=C5_OnOff13 Old VaultGUID= New VaultGUID=B7D15EC3-160A-466F-A46C-7801FE6295A7 Old ItemGUID= New ItemGUID=5D638074-7D7A-46B9-B382-B7CBDC5F02DB Old RevisionGUID= New RevisionGUID=BDF7518C-49B6-4976-A836-D3C56A4C72D9
Change Managed Component Library Link : Designator=C5_OnOff14 Old VaultGUID= New VaultGUID=B7D15EC3-160A-466F-A46C-7801FE6295A7 Old ItemGUID= New ItemGUID=5D638074-7D7A-46B9-B382-B7CBDC5F02DB Old RevisionGUID= New RevisionGUID=BDF7518C-49B6-4976-A836-D3C56A4C72D9
Change Managed Component Library Link : Designator=C5_OnOff15 Old VaultGUID= New VaultGUID=B7D15EC3-160A-466F-A46C-7801FE6295A7 Old ItemGUID= New ItemGUID=5D638074-7D7A-46B9-B382-B7CBDC5F02DB Old RevisionGUID= New RevisionGUID=BDF7518C-49B6-4976-A836-D3C56A4C72D9
Change Managed Component Library Link : Designator=C5_OnOff16 Old VaultGUID= New VaultGUID=B7D15EC3-160A-466F-A46C-7801FE6295A7 Old ItemGUID= New ItemGUID=5D638074-7D7A-46B9-B382-B7CBDC5F02DB Old RevisionGUID= New RevisionGUID=BDF7518C-49B6-4976-A836-D3C56A4C72D9
Change Managed Component Library Link : Designator=C5_OnOff17 Old VaultGUID= New VaultGUID=B7D15EC3-160A-466F-A46C-7801FE6295A7 Old ItemGUID= New ItemGUID=5D638074-7D7A-46B9-B382-B7CBDC5F02DB Old RevisionGUID= New RevisionGUID=BDF7518C-49B6-4976-A836-D3C56A4C72D9
Change Managed Component Library Link : Designator=C5_OnOff18 Old VaultGUID= New VaultGUID=B7D15EC3-160A-466F-A46C-7801FE6295A7 Old ItemGUID= New ItemGUID=5D638074-7D7A-46B9-B382-B7CBDC5F02DB Old RevisionGUID= New RevisionGUID=BDF7518C-49B6-4976-A836-D3C56A4C72D9
Change Managed Component Library Link : Designator=C5_OnOff19 Old VaultGUID= New VaultGUID=B7D15EC3-160A-466F-A46C-7801FE6295A7 Old ItemGUID= New ItemGUID=5D638074-7D7A-46B9-B382-B7CBDC5F02DB Old RevisionGUID= New RevisionGUID=BDF7518C-49B6-4976-A836-D3C56A4C72D9
Change Managed Component Library Link : Designator=C5_OnOff20 Old VaultGUID= New VaultGUID=B7D15EC3-160A-466F-A46C-7801FE6295A7 Old ItemGUID= New ItemGUID=5D638074-7D7A-46B9-B382-B7CBDC5F02DB Old RevisionGUID= New RevisionGUID=BDF7518C-49B6-4976-A836-D3C56A4C72D9
Change Managed Component Library Link : Designator=C5_OnOff21 Old VaultGUID= New VaultGUID=B7D15EC3-160A-466F-A46C-7801FE6295A7 Old ItemGUID= New ItemGUID=5D638074-7D7A-46B9-B382-B7CBDC5F02DB Old RevisionGUID= New RevisionGUID=BDF7518C-49B6-4976-A836-D3C56A4C72D9
Change Managed Component Library Link : Designator=C5_OnOff22 Old VaultGUID= New VaultGUID=B7D15EC3-160A-466F-A46C-7801FE6295A7 Old ItemGUID= New ItemGUID=5D638074-7D7A-46B9-B382-B7CBDC5F02DB Old RevisionGUID= New RevisionGUID=BDF7518C-49B6-4976-A836-D3C56A4C72D9
Change Managed Component Library Link : Designator=C5_OnOff23 Old VaultGUID= New VaultGUID=B7D15EC3-160A-466F-A46C-7801FE6295A7 Old ItemGUID= New ItemGUID=5D638074-7D7A-46B9-B382-B7CBDC5F02DB Old RevisionGUID= New RevisionGUID=BDF7518C-49B6-4976-A836-D3C56A4C72D9
Change Managed Component Library Link : Designator=C5_OnOff24 Old VaultGUID= New VaultGUID=B7D15EC3-160A-466F-A46C-7801FE6295A7 Old ItemGUID= New ItemGUID=5D638074-7D7A-46B9-B382-B7CBDC5F02DB Old RevisionGUID= New RevisionGUID=BDF7518C-49B6-4976-A836-D3C56A4C72D9
Change Managed Component Library Link : Designator=C5_OnOff25 Old VaultGUID= New VaultGUID=B7D15EC3-160A-466F-A46C-7801FE6295A7 Old ItemGUID= New ItemGUID=5D638074-7D7A-46B9-B382-B7CBDC5F02DB Old RevisionGUID= New RevisionGUID=BDF7518C-49B6-4976-A836-D3C56A4C72D9
Change Managed Component Library Link : Designator=C5_OnOff26 Old VaultGUID= New VaultGUID=B7D15EC3-160A-466F-A46C-7801FE6295A7 Old ItemGUID= New ItemGUID=5D638074-7D7A-46B9-B382-B7CBDC5F02DB Old RevisionGUID= New RevisionGUID=BDF7518C-49B6-4976-A836-D3C56A4C72D9
Change Managed Component Library Link : Designator=C6 Old VaultGUID= New VaultGUID=B7D15EC3-160A-466F-A46C-7801FE6295A7 Old ItemGUID= New ItemGUID=AD881819-92A4-4A8C-BF93-99D134BB2DF2 Old RevisionGUID= New RevisionGUID=A8D6B8B9-3D01-4A38-B0FA-8BBA1AA30294
Change Managed Component Library Link : Designator=C7 Old VaultGUID= New VaultGUID=B7D15EC3-160A-466F-A46C-7801FE6295A7 Old ItemGUID= New ItemGUID=860FF2BF-B00A-4567-90A2-4F7DDAB0220B Old RevisionGUID= New RevisionGUID=599D52B7-331D-45F0-9269-1CF4A5E4703B
Change Managed Component Library Link : Designator=C10_Prop1 Old VaultGUID= New VaultGUID=B7D15EC3-160A-466F-A46C-7801FE6295A7 Old ItemGUID= New ItemGUID=DD027089-9F28-43A3-BA58-DE2198B8C749 Old RevisionGUID= New RevisionGUID=2E834E62-44E6-494E-9926-DFA25D2341ED
Change Managed Component Library Link : Designator=C10_Prop2 Old VaultGUID= New VaultGUID=B7D15EC3-160A-466F-A46C-7801FE6295A7 Old ItemGUID= New ItemGUID=DD027089-9F28-43A3-BA58-DE2198B8C749 Old RevisionGUID= New RevisionGUID=2E834E62-44E6-494E-9926-DFA25D2341ED
Change Managed Component Library Link : Designator=C10_Prop3 Old VaultGUID= New VaultGUID=B7D15EC3-160A-466F-A46C-7801FE6295A7 Old ItemGUID= New ItemGUID=DD027089-9F28-43A3-BA58-DE2198B8C749 Old RevisionGUID= New RevisionGUID=2E834E62-44E6-494E-9926-DFA25D2341ED
Change Managed Component Library Link : Designator=C10_Prop4 Old VaultGUID= New VaultGUID=B7D15EC3-160A-466F-A46C-7801FE6295A7 Old ItemGUID= New ItemGUID=DD027089-9F28-43A3-BA58-DE2198B8C749 Old RevisionGUID= New RevisionGUID=2E834E62-44E6-494E-9926-DFA25D2341ED
Change Managed Component Library Link : Designator=C10_Prop5 Old VaultGUID= New VaultGUID=B7D15EC3-160A-466F-A46C-7801FE6295A7 Old ItemGUID= New ItemGUID=DD027089-9F28-43A3-BA58-DE2198B8C749 Old RevisionGUID= New RevisionGUID=2E834E62-44E6-494E-9926-DFA25D2341ED
Change Managed Component Library Link : Designator=C11_Prop1 Old VaultGUID= New VaultGUID=B7D15EC3-160A-466F-A46C-7801FE6295A7 Old ItemGUID= New ItemGUID=DD027089-9F28-43A3-BA58-DE2198B8C749 Old RevisionGUID= New RevisionGUID=2E834E62-44E6-494E-9926-DFA25D2341ED
Change Managed Component Library Link : Designator=C11_Prop2 Old VaultGUID= New VaultGUID=B7D15EC3-160A-466F-A46C-7801FE6295A7 Old ItemGUID= New ItemGUID=DD027089-9F28-43A3-BA58-DE2198B8C749 Old RevisionGUID= New RevisionGUID=2E834E62-44E6-494E-9926-DFA25D2341ED
Change Managed Component Library Link : Designator=C11_Prop3 Old VaultGUID= New VaultGUID=B7D15EC3-160A-466F-A46C-7801FE6295A7 Old ItemGUID= New ItemGUID=DD027089-9F28-43A3-BA58-DE2198B8C749 Old RevisionGUID= New RevisionGUID=2E834E62-44E6-494E-9926-DFA25D2341ED
Change Managed Component Library Link : Designator=C11_Prop4 Old VaultGUID= New VaultGUID=B7D15EC3-160A-466F-A46C-7801FE6295A7 Old ItemGUID= New ItemGUID=DD027089-9F28-43A3-BA58-DE2198B8C749 Old RevisionGUID= New RevisionGUID=2E834E62-44E6-494E-9926-DFA25D2341ED
Change Managed Component Library Link : Designator=C11_Prop5 Old VaultGUID= New VaultGUID=B7D15EC3-160A-466F-A46C-7801FE6295A7 Old ItemGUID= New ItemGUID=DD027089-9F28-43A3-BA58-DE2198B8C749 Old RevisionGUID= New RevisionGUID=2E834E62-44E6-494E-9926-DFA25D2341ED
Change Managed Component Library Link : Designator=D1 Old VaultGUID= New VaultGUID=B7D15EC3-160A-466F-A46C-7801FE6295A7 Old ItemGUID= New ItemGUID=78DB6818-8332-478B-B84A-FE0DE8B51709 Old RevisionGUID= New RevisionGUID=2F36A327-34DA-4500-9DF0-40366BAF2BF6
Change Managed Component Library Link : Designator=D2 Old VaultGUID= New VaultGUID=B7D15EC3-160A-466F-A46C-7801FE6295A7 Old ItemGUID= New ItemGUID=94F10305-BC3A-43DC-B08F-CF3F0FECA040 Old RevisionGUID= New RevisionGUID=6C30F6F3-C364-49BA-B8DD-9217E6577107
Change Managed Component Library Link : Designator=D3_OnOff1 Old VaultGUID= New VaultGUID=B7D15EC3-160A-466F-A46C-7801FE6295A7 Old ItemGUID= New ItemGUID=78DB6818-8332-478B-B84A-FE0DE8B51709 Old RevisionGUID= New RevisionGUID=2F36A327-34DA-4500-9DF0-40366BAF2BF6
Change Managed Component Library Link : Designator=D3_OnOff2 Old VaultGUID= New VaultGUID=B7D15EC3-160A-466F-A46C-7801FE6295A7 Old ItemGUID= New ItemGUID=78DB6818-8332-478B-B84A-FE0DE8B51709 Old RevisionGUID= New RevisionGUID=2F36A327-34DA-4500-9DF0-40366BAF2BF6
Change Managed Component Library Link : Designator=D3_OnOff3 Old VaultGUID= New VaultGUID=B7D15EC3-160A-466F-A46C-7801FE6295A7 Old ItemGUID= New ItemGUID=78DB6818-8332-478B-B84A-FE0DE8B51709 Old RevisionGUID= New RevisionGUID=2F36A327-34DA-4500-9DF0-40366BAF2BF6
Change Managed Component Library Link : Designator=D3_OnOff4 Old VaultGUID= New VaultGUID=B7D15EC3-160A-466F-A46C-7801FE6295A7 Old ItemGUID= New ItemGUID=78DB6818-8332-478B-B84A-FE0DE8B51709 Old RevisionGUID= New RevisionGUID=2F36A327-34DA-4500-9DF0-40366BAF2BF6
Change Managed Component Library Link : Designator=D3_OnOff5 Old VaultGUID= New VaultGUID=B7D15EC3-160A-466F-A46C-7801FE6295A7 Old ItemGUID= New ItemGUID=78DB6818-8332-478B-B84A-FE0DE8B51709 Old RevisionGUID= New RevisionGUID=2F36A327-34DA-4500-9DF0-40366BAF2BF6
Change Managed Component Library Link : Designator=D3_OnOff6 Old VaultGUID= New VaultGUID=B7D15EC3-160A-466F-A46C-7801FE6295A7 Old ItemGUID= New ItemGUID=78DB6818-8332-478B-B84A-FE0DE8B51709 Old RevisionGUID= New RevisionGUID=2F36A327-34DA-4500-9DF0-40366BAF2BF6
Change Managed Component Library Link : Designator=D3_OnOff7 Old VaultGUID= New VaultGUID=B7D15EC3-160A-466F-A46C-7801FE6295A7 Old ItemGUID= New ItemGUID=78DB6818-8332-478B-B84A-FE0DE8B51709 Old RevisionGUID= New RevisionGUID=2F36A327-34DA-4500-9DF0-40366BAF2BF6
Change Managed Component Library Link : Designator=D3_OnOff8 Old VaultGUID= New VaultGUID=B7D15EC3-160A-466F-A46C-7801FE6295A7 Old ItemGUID= New ItemGUID=78DB6818-8332-478B-B84A-FE0DE8B51709 Old RevisionGUID= New RevisionGUID=2F36A327-34DA-4500-9DF0-40366BAF2BF6
Change Managed Component Library Link : Designator=D3_OnOff9 Old VaultGUID= New VaultGUID=B7D15EC3-160A-466F-A46C-7801FE6295A7 Old ItemGUID= New ItemGUID=78DB6818-8332-478B-B84A-FE0DE8B51709 Old RevisionGUID= New RevisionGUID=2F36A327-34DA-4500-9DF0-40366BAF2BF6
Change Managed Component Library Link : Designator=D3_OnOff10 Old VaultGUID= New VaultGUID=B7D15EC3-160A-466F-A46C-7801FE6295A7 Old ItemGUID= New ItemGUID=78DB6818-8332-478B-B84A-FE0DE8B51709 Old RevisionGUID= New RevisionGUID=2F36A327-34DA-4500-9DF0-40366BAF2BF6
Change Managed Component Library Link : Designator=D3_OnOff11 Old VaultGUID= New VaultGUID=B7D15EC3-160A-466F-A46C-7801FE6295A7 Old ItemGUID= New ItemGUID=78DB6818-8332-478B-B84A-FE0DE8B51709 Old RevisionGUID= New RevisionGUID=2F36A327-34DA-4500-9DF0-40366BAF2BF6
Change Managed Component Library Link : Designator=D3_OnOff12 Old VaultGUID= New VaultGUID=B7D15EC3-160A-466F-A46C-7801FE6295A7 Old ItemGUID= New ItemGUID=78DB6818-8332-478B-B84A-FE0DE8B51709 Old RevisionGUID= New RevisionGUID=2F36A327-34DA-4500-9DF0-40366BAF2BF6
Change Managed Component Library Link : Designator=D3_OnOff13 Old VaultGUID= New VaultGUID=B7D15EC3-160A-466F-A46C-7801FE6295A7 Old ItemGUID= New ItemGUID=78DB6818-8332-478B-B84A-FE0DE8B51709 Old RevisionGUID= New RevisionGUID=2F36A327-34DA-4500-9DF0-40366BAF2BF6
Change Managed Component Library Link : Designator=D3_OnOff14 Old VaultGUID= New VaultGUID=B7D15EC3-160A-466F-A46C-7801FE6295A7 Old ItemGUID= New ItemGUID=78DB6818-8332-478B-B84A-FE0DE8B51709 Old RevisionGUID= New RevisionGUID=2F36A327-34DA-4500-9DF0-40366BAF2BF6
Change Managed Component Library Link : Designator=D3_OnOff15 Old VaultGUID= New VaultGUID=B7D15EC3-160A-466F-A46C-7801FE6295A7 Old ItemGUID= New ItemGUID=78DB6818-8332-478B-B84A-FE0DE8B51709 Old RevisionGUID= New RevisionGUID=2F36A327-34DA-4500-9DF0-40366BAF2BF6
Change Managed Component Library Link : Designator=D3_OnOff16 Old VaultGUID= New VaultGUID=B7D15EC3-160A-466F-A46C-7801FE6295A7 Old ItemGUID= New ItemGUID=78DB6818-8332-478B-B84A-FE0DE8B51709 Old RevisionGUID= New RevisionGUID=2F36A327-34DA-4500-9DF0-40366BAF2BF6
Change Managed Component Library Link : Designator=D3_OnOff17 Old VaultGUID= New VaultGUID=B7D15EC3-160A-466F-A46C-7801FE6295A7 Old ItemGUID= New ItemGUID=78DB6818-8332-478B-B84A-FE0DE8B51709 Old RevisionGUID= New RevisionGUID=2F36A327-34DA-4500-9DF0-40366BAF2BF6
Change Managed Component Library Link : Designator=D3_OnOff18 Old VaultGUID= New VaultGUID=B7D15EC3-160A-466F-A46C-7801FE6295A7 Old ItemGUID= New ItemGUID=78DB6818-8332-478B-B84A-FE0DE8B51709 Old RevisionGUID= New RevisionGUID=2F36A327-34DA-4500-9DF0-40366BAF2BF6
Change Managed Component Library Link : Designator=D3_OnOff19 Old VaultGUID= New VaultGUID=B7D15EC3-160A-466F-A46C-7801FE6295A7 Old ItemGUID= New ItemGUID=78DB6818-8332-478B-B84A-FE0DE8B51709 Old RevisionGUID= New RevisionGUID=2F36A327-34DA-4500-9DF0-40366BAF2BF6
Change Managed Component Library Link : Designator=D3_OnOff20 Old VaultGUID= New VaultGUID=B7D15EC3-160A-466F-A46C-7801FE6295A7 Old ItemGUID= New ItemGUID=78DB6818-8332-478B-B84A-FE0DE8B51709 Old RevisionGUID= New RevisionGUID=2F36A327-34DA-4500-9DF0-40366BAF2BF6
Change Managed Component Library Link : Designator=D3_OnOff21 Old VaultGUID= New VaultGUID=B7D15EC3-160A-466F-A46C-7801FE6295A7 Old ItemGUID= New ItemGUID=78DB6818-8332-478B-B84A-FE0DE8B51709 Old RevisionGUID= New RevisionGUID=2F36A327-34DA-4500-9DF0-40366BAF2BF6
Change Managed Component Library Link : Designator=D3_OnOff22 Old VaultGUID= New VaultGUID=B7D15EC3-160A-466F-A46C-7801FE6295A7 Old ItemGUID= New ItemGUID=78DB6818-8332-478B-B84A-FE0DE8B51709 Old RevisionGUID= New RevisionGUID=2F36A327-34DA-4500-9DF0-40366BAF2BF6
Change Managed Component Library Link : Designator=D3_OnOff23 Old VaultGUID= New VaultGUID=B7D15EC3-160A-466F-A46C-7801FE6295A7 Old ItemGUID= New ItemGUID=78DB6818-8332-478B-B84A-FE0DE8B51709 Old RevisionGUID= New RevisionGUID=2F36A327-34DA-4500-9DF0-40366BAF2BF6
Change Managed Component Library Link : Designator=D3_OnOff24 Old VaultGUID= New VaultGUID=B7D15EC3-160A-466F-A46C-7801FE6295A7 Old ItemGUID= New ItemGUID=78DB6818-8332-478B-B84A-FE0DE8B51709 Old RevisionGUID= New RevisionGUID=2F36A327-34DA-4500-9DF0-40366BAF2BF6
Change Managed Component Library Link : Designator=D3_OnOff25 Old VaultGUID= New VaultGUID=B7D15EC3-160A-466F-A46C-7801FE6295A7 Old ItemGUID= New ItemGUID=78DB6818-8332-478B-B84A-FE0DE8B51709 Old RevisionGUID= New RevisionGUID=2F36A327-34DA-4500-9DF0-40366BAF2BF6
Change Managed Component Library Link : Designator=D3_OnOff26 Old VaultGUID= New VaultGUID=B7D15EC3-160A-466F-A46C-7801FE6295A7 Old ItemGUID= New ItemGUID=78DB6818-8332-478B-B84A-FE0DE8B51709 Old RevisionGUID= New RevisionGUID=2F36A327-34DA-4500-9DF0-40366BAF2BF6
Change Managed Component Library Link : Designator=D4_OnOff1 Old VaultGUID= New VaultGUID=B7D15EC3-160A-466F-A46C-7801FE6295A7 Old ItemGUID= New ItemGUID=78DB6818-8332-478B-B84A-FE0DE8B51709 Old RevisionGUID= New RevisionGUID=2F36A327-34DA-4500-9DF0-40366BAF2BF6
Change Managed Component Library Link : Designator=D4_OnOff2 Old VaultGUID= New VaultGUID=B7D15EC3-160A-466F-A46C-7801FE6295A7 Old ItemGUID= New ItemGUID=78DB6818-8332-478B-B84A-FE0DE8B51709 Old RevisionGUID= New RevisionGUID=2F36A327-34DA-4500-9DF0-40366BAF2BF6
Change Managed Component Library Link : Designator=D4_OnOff3 Old VaultGUID= New VaultGUID=B7D15EC3-160A-466F-A46C-7801FE6295A7 Old ItemGUID= New ItemGUID=78DB6818-8332-478B-B84A-FE0DE8B51709 Old RevisionGUID= New RevisionGUID=2F36A327-34DA-4500-9DF0-40366BAF2BF6
Change Managed Component Library Link : Designator=D4_OnOff4 Old VaultGUID= New VaultGUID=B7D15EC3-160A-466F-A46C-7801FE6295A7 Old ItemGUID= New ItemGUID=78DB6818-8332-478B-B84A-FE0DE8B51709 Old RevisionGUID= New RevisionGUID=2F36A327-34DA-4500-9DF0-40366BAF2BF6
Change Managed Component Library Link : Designator=D4_OnOff5 Old VaultGUID= New VaultGUID=B7D15EC3-160A-466F-A46C-7801FE6295A7 Old ItemGUID= New ItemGUID=78DB6818-8332-478B-B84A-FE0DE8B51709 Old RevisionGUID= New RevisionGUID=2F36A327-34DA-4500-9DF0-40366BAF2BF6
Change Managed Component Library Link : Designator=D4_OnOff6 Old VaultGUID= New VaultGUID=B7D15EC3-160A-466F-A46C-7801FE6295A7 Old ItemGUID= New ItemGUID=78DB6818-8332-478B-B84A-FE0DE8B51709 Old RevisionGUID= New RevisionGUID=2F36A327-34DA-4500-9DF0-40366BAF2BF6
Change Managed Component Library Link : Designator=D4_OnOff7 Old VaultGUID= New VaultGUID=B7D15EC3-160A-466F-A46C-7801FE6295A7 Old ItemGUID= New ItemGUID=78DB6818-8332-478B-B84A-FE0DE8B51709 Old RevisionGUID= New RevisionGUID=2F36A327-34DA-4500-9DF0-40366BAF2BF6
Change Managed Component Library Link : Designator=D4_OnOff8 Old VaultGUID= New VaultGUID=B7D15EC3-160A-466F-A46C-7801FE6295A7 Old ItemGUID= New ItemGUID=78DB6818-8332-478B-B84A-FE0DE8B51709 Old RevisionGUID= New RevisionGUID=2F36A327-34DA-4500-9DF0-40366BAF2BF6
Change Managed Component Library Link : Designator=D4_OnOff9 Old VaultGUID= New VaultGUID=B7D15EC3-160A-466F-A46C-7801FE6295A7 Old ItemGUID= New ItemGUID=78DB6818-8332-478B-B84A-FE0DE8B51709 Old RevisionGUID= New RevisionGUID=2F36A327-34DA-4500-9DF0-40366BAF2BF6
Change Managed Component Library Link : Designator=D4_OnOff10 Old VaultGUID= New VaultGUID=B7D15EC3-160A-466F-A46C-7801FE6295A7 Old ItemGUID= New ItemGUID=78DB6818-8332-478B-B84A-FE0DE8B51709 Old RevisionGUID= New RevisionGUID=2F36A327-34DA-4500-9DF0-40366BAF2BF6
Change Managed Component Library Link : Designator=D4_OnOff11 Old VaultGUID= New VaultGUID=B7D15EC3-160A-466F-A46C-7801FE6295A7 Old ItemGUID= New ItemGUID=78DB6818-8332-478B-B84A-FE0DE8B51709 Old RevisionGUID= New RevisionGUID=2F36A327-34DA-4500-9DF0-40366BAF2BF6
Change Managed Component Library Link : Designator=D4_OnOff12 Old VaultGUID= New VaultGUID=B7D15EC3-160A-466F-A46C-7801FE6295A7 Old ItemGUID= New ItemGUID=78DB6818-8332-478B-B84A-FE0DE8B51709 Old RevisionGUID= New RevisionGUID=2F36A327-34DA-4500-9DF0-40366BAF2BF6
Change Managed Component Library Link : Designator=D4_OnOff13 Old VaultGUID= New VaultGUID=B7D15EC3-160A-466F-A46C-7801FE6295A7 Old ItemGUID= New ItemGUID=78DB6818-8332-478B-B84A-FE0DE8B51709 Old RevisionGUID= New RevisionGUID=2F36A327-34DA-4500-9DF0-40366BAF2BF6
Change Managed Component Library Link : Designator=D4_OnOff14 Old VaultGUID= New VaultGUID=B7D15EC3-160A-466F-A46C-7801FE6295A7 Old ItemGUID= New ItemGUID=78DB6818-8332-478B-B84A-FE0DE8B51709 Old RevisionGUID= New RevisionGUID=2F36A327-34DA-4500-9DF0-40366BAF2BF6
Change Managed Component Library Link : Designator=D4_OnOff15 Old VaultGUID= New VaultGUID=B7D15EC3-160A-466F-A46C-7801FE6295A7 Old ItemGUID= New ItemGUID=78DB6818-8332-478B-B84A-FE0DE8B51709 Old RevisionGUID= New RevisionGUID=2F36A327-34DA-4500-9DF0-40366BAF2BF6
Change Managed Component Library Link : Designator=D4_OnOff16 Old VaultGUID= New VaultGUID=B7D15EC3-160A-466F-A46C-7801FE6295A7 Old ItemGUID= New ItemGUID=78DB6818-8332-478B-B84A-FE0DE8B51709 Old RevisionGUID= New RevisionGUID=2F36A327-34DA-4500-9DF0-40366BAF2BF6
Change Managed Component Library Link : Designator=D4_OnOff17 Old VaultGUID= New VaultGUID=B7D15EC3-160A-466F-A46C-7801FE6295A7 Old ItemGUID= New ItemGUID=78DB6818-8332-478B-B84A-FE0DE8B51709 Old RevisionGUID= New RevisionGUID=2F36A327-34DA-4500-9DF0-40366BAF2BF6
Change Managed Component Library Link : Designator=D4_OnOff18 Old VaultGUID= New VaultGUID=B7D15EC3-160A-466F-A46C-7801FE6295A7 Old ItemGUID= New ItemGUID=78DB6818-8332-478B-B84A-FE0DE8B51709 Old RevisionGUID= New RevisionGUID=2F36A327-34DA-4500-9DF0-40366BAF2BF6
Change Managed Component Library Link : Designator=D4_OnOff19 Old VaultGUID= New VaultGUID=B7D15EC3-160A-466F-A46C-7801FE6295A7 Old ItemGUID= New ItemGUID=78DB6818-8332-478B-B84A-FE0DE8B51709 Old RevisionGUID= New RevisionGUID=2F36A327-34DA-4500-9DF0-40366BAF2BF6
Change Managed Component Library Link : Designator=D4_OnOff20 Old VaultGUID= New VaultGUID=B7D15EC3-160A-466F-A46C-7801FE6295A7 Old ItemGUID= New ItemGUID=78DB6818-8332-478B-B84A-FE0DE8B51709 Old RevisionGUID= New RevisionGUID=2F36A327-34DA-4500-9DF0-40366BAF2BF6
Change Managed Component Library Link : Designator=D4_OnOff21 Old VaultGUID= New VaultGUID=B7D15EC3-160A-466F-A46C-7801FE6295A7 Old ItemGUID= New ItemGUID=78DB6818-8332-478B-B84A-FE0DE8B51709 Old RevisionGUID= New RevisionGUID=2F36A327-34DA-4500-9DF0-40366BAF2BF6
Change Managed Component Library Link : Designator=D4_OnOff22 Old VaultGUID= New VaultGUID=B7D15EC3-160A-466F-A46C-7801FE6295A7 Old ItemGUID= New ItemGUID=78DB6818-8332-478B-B84A-FE0DE8B51709 Old RevisionGUID= New RevisionGUID=2F36A327-34DA-4500-9DF0-40366BAF2BF6
Change Managed Component Library Link : Designator=D4_OnOff23 Old VaultGUID= New VaultGUID=B7D15EC3-160A-466F-A46C-7801FE6295A7 Old ItemGUID= New ItemGUID=78DB6818-8332-478B-B84A-FE0DE8B51709 Old RevisionGUID= New RevisionGUID=2F36A327-34DA-4500-9DF0-40366BAF2BF6
Change Managed Component Library Link : Designator=D4_OnOff24 Old VaultGUID= New VaultGUID=B7D15EC3-160A-466F-A46C-7801FE6295A7 Old ItemGUID= New ItemGUID=78DB6818-8332-478B-B84A-FE0DE8B51709 Old RevisionGUID= New RevisionGUID=2F36A327-34DA-4500-9DF0-40366BAF2BF6
Change Managed Component Library Link : Designator=D4_OnOff25 Old VaultGUID= New VaultGUID=B7D15EC3-160A-466F-A46C-7801FE6295A7 Old ItemGUID= New ItemGUID=78DB6818-8332-478B-B84A-FE0DE8B51709 Old RevisionGUID= New RevisionGUID=2F36A327-34DA-4500-9DF0-40366BAF2BF6
Change Managed Component Library Link : Designator=D4_OnOff26 Old VaultGUID= New VaultGUID=B7D15EC3-160A-466F-A46C-7801FE6295A7 Old ItemGUID= New ItemGUID=78DB6818-8332-478B-B84A-FE0DE8B51709 Old RevisionGUID= New RevisionGUID=2F36A327-34DA-4500-9DF0-40366BAF2BF6
Change Managed Component Library Link : Designator=D5_OnOff1 Old VaultGUID= New VaultGUID=B7D15EC3-160A-466F-A46C-7801FE6295A7 Old ItemGUID= New ItemGUID=94F10305-BC3A-43DC-B08F-CF3F0FECA040 Old RevisionGUID= New RevisionGUID=6C30F6F3-C364-49BA-B8DD-9217E6577107
Change Managed Component Library Link : Designator=D5_OnOff2 Old VaultGUID= New VaultGUID=B7D15EC3-160A-466F-A46C-7801FE6295A7 Old ItemGUID= New ItemGUID=94F10305-BC3A-43DC-B08F-CF3F0FECA040 Old RevisionGUID= New RevisionGUID=6C30F6F3-C364-49BA-B8DD-9217E6577107
Change Managed Component Library Link : Designator=D5_OnOff3 Old VaultGUID= New VaultGUID=B7D15EC3-160A-466F-A46C-7801FE6295A7 Old ItemGUID= New ItemGUID=94F10305-BC3A-43DC-B08F-CF3F0FECA040 Old RevisionGUID= New RevisionGUID=6C30F6F3-C364-49BA-B8DD-9217E6577107
Change Managed Component Library Link : Designator=D5_OnOff4 Old VaultGUID= New VaultGUID=B7D15EC3-160A-466F-A46C-7801FE6295A7 Old ItemGUID= New ItemGUID=94F10305-BC3A-43DC-B08F-CF3F0FECA040 Old RevisionGUID= New RevisionGUID=6C30F6F3-C364-49BA-B8DD-9217E6577107
Change Managed Component Library Link : Designator=D5_OnOff5 Old VaultGUID= New VaultGUID=B7D15EC3-160A-466F-A46C-7801FE6295A7 Old ItemGUID= New ItemGUID=94F10305-BC3A-43DC-B08F-CF3F0FECA040 Old RevisionGUID= New RevisionGUID=6C30F6F3-C364-49BA-B8DD-9217E6577107
Change Managed Component Library Link : Designator=D5_OnOff6 Old VaultGUID= New VaultGUID=B7D15EC3-160A-466F-A46C-7801FE6295A7 Old ItemGUID= New ItemGUID=94F10305-BC3A-43DC-B08F-CF3F0FECA040 Old RevisionGUID= New RevisionGUID=6C30F6F3-C364-49BA-B8DD-9217E6577107
Change Managed Component Library Link : Designator=D5_OnOff7 Old VaultGUID= New VaultGUID=B7D15EC3-160A-466F-A46C-7801FE6295A7 Old ItemGUID= New ItemGUID=94F10305-BC3A-43DC-B08F-CF3F0FECA040 Old RevisionGUID= New RevisionGUID=6C30F6F3-C364-49BA-B8DD-9217E6577107
Change Managed Component Library Link : Designator=D5_OnOff8 Old VaultGUID= New VaultGUID=B7D15EC3-160A-466F-A46C-7801FE6295A7 Old ItemGUID= New ItemGUID=94F10305-BC3A-43DC-B08F-CF3F0FECA040 Old RevisionGUID= New RevisionGUID=6C30F6F3-C364-49BA-B8DD-9217E6577107
Change Managed Component Library Link : Designator=D5_OnOff9 Old VaultGUID= New VaultGUID=B7D15EC3-160A-466F-A46C-7801FE6295A7 Old ItemGUID= New ItemGUID=94F10305-BC3A-43DC-B08F-CF3F0FECA040 Old RevisionGUID= New RevisionGUID=6C30F6F3-C364-49BA-B8DD-9217E6577107
Change Managed Component Library Link : Designator=D5_OnOff10 Old VaultGUID= New VaultGUID=B7D15EC3-160A-466F-A46C-7801FE6295A7 Old ItemGUID= New ItemGUID=94F10305-BC3A-43DC-B08F-CF3F0FECA040 Old RevisionGUID= New RevisionGUID=6C30F6F3-C364-49BA-B8DD-9217E6577107
Change Managed Component Library Link : Designator=D5_OnOff11 Old VaultGUID= New VaultGUID=B7D15EC3-160A-466F-A46C-7801FE6295A7 Old ItemGUID= New ItemGUID=94F10305-BC3A-43DC-B08F-CF3F0FECA040 Old RevisionGUID= New RevisionGUID=6C30F6F3-C364-49BA-B8DD-9217E6577107
Change Managed Component Library Link : Designator=D5_OnOff12 Old VaultGUID= New VaultGUID=B7D15EC3-160A-466F-A46C-7801FE6295A7 Old ItemGUID= New ItemGUID=94F10305-BC3A-43DC-B08F-CF3F0FECA040 Old RevisionGUID= New RevisionGUID=6C30F6F3-C364-49BA-B8DD-9217E6577107
Change Managed Component Library Link : Designator=D5_OnOff13 Old VaultGUID= New VaultGUID=B7D15EC3-160A-466F-A46C-7801FE6295A7 Old ItemGUID= New ItemGUID=94F10305-BC3A-43DC-B08F-CF3F0FECA040 Old RevisionGUID= New RevisionGUID=6C30F6F3-C364-49BA-B8DD-9217E6577107
Change Managed Component Library Link : Designator=D5_OnOff14 Old VaultGUID= New VaultGUID=B7D15EC3-160A-466F-A46C-7801FE6295A7 Old ItemGUID= New ItemGUID=94F10305-BC3A-43DC-B08F-CF3F0FECA040 Old RevisionGUID= New RevisionGUID=6C30F6F3-C364-49BA-B8DD-9217E6577107
Change Managed Component Library Link : Designator=D5_OnOff15 Old VaultGUID= New VaultGUID=B7D15EC3-160A-466F-A46C-7801FE6295A7 Old ItemGUID= New ItemGUID=94F10305-BC3A-43DC-B08F-CF3F0FECA040 Old RevisionGUID= New RevisionGUID=6C30F6F3-C364-49BA-B8DD-9217E6577107
Change Managed Component Library Link : Designator=D5_OnOff16 Old VaultGUID= New VaultGUID=B7D15EC3-160A-466F-A46C-7801FE6295A7 Old ItemGUID= New ItemGUID=94F10305-BC3A-43DC-B08F-CF3F0FECA040 Old RevisionGUID= New RevisionGUID=6C30F6F3-C364-49BA-B8DD-9217E6577107
Change Managed Component Library Link : Designator=D5_OnOff17 Old VaultGUID= New VaultGUID=B7D15EC3-160A-466F-A46C-7801FE6295A7 Old ItemGUID= New ItemGUID=94F10305-BC3A-43DC-B08F-CF3F0FECA040 Old RevisionGUID= New RevisionGUID=6C30F6F3-C364-49BA-B8DD-9217E6577107
Change Managed Component Library Link : Designator=D5_OnOff18 Old VaultGUID= New VaultGUID=B7D15EC3-160A-466F-A46C-7801FE6295A7 Old ItemGUID= New ItemGUID=94F10305-BC3A-43DC-B08F-CF3F0FECA040 Old RevisionGUID= New RevisionGUID=6C30F6F3-C364-49BA-B8DD-9217E6577107
Change Managed Component Library Link : Designator=D5_OnOff19 Old VaultGUID= New VaultGUID=B7D15EC3-160A-466F-A46C-7801FE6295A7 Old ItemGUID= New ItemGUID=94F10305-BC3A-43DC-B08F-CF3F0FECA040 Old RevisionGUID= New RevisionGUID=6C30F6F3-C364-49BA-B8DD-9217E6577107
Change Managed Component Library Link : Designator=D5_OnOff20 Old VaultGUID= New VaultGUID=B7D15EC3-160A-466F-A46C-7801FE6295A7 Old ItemGUID= New ItemGUID=94F10305-BC3A-43DC-B08F-CF3F0FECA040 Old RevisionGUID= New RevisionGUID=6C30F6F3-C364-49BA-B8DD-9217E6577107
Change Managed Component Library Link : Designator=D5_OnOff21 Old VaultGUID= New VaultGUID=B7D15EC3-160A-466F-A46C-7801FE6295A7 Old ItemGUID= New ItemGUID=94F10305-BC3A-43DC-B08F-CF3F0FECA040 Old RevisionGUID= New RevisionGUID=6C30F6F3-C364-49BA-B8DD-9217E6577107
Change Managed Component Library Link : Designator=D5_OnOff22 Old VaultGUID= New VaultGUID=B7D15EC3-160A-466F-A46C-7801FE6295A7 Old ItemGUID= New ItemGUID=94F10305-BC3A-43DC-B08F-CF3F0FECA040 Old RevisionGUID= New RevisionGUID=6C30F6F3-C364-49BA-B8DD-9217E6577107
Change Managed Component Library Link : Designator=D5_OnOff23 Old VaultGUID= New VaultGUID=B7D15EC3-160A-466F-A46C-7801FE6295A7 Old ItemGUID= New ItemGUID=94F10305-BC3A-43DC-B08F-CF3F0FECA040 Old RevisionGUID= New RevisionGUID=6C30F6F3-C364-49BA-B8DD-9217E6577107
Change Managed Component Library Link : Designator=D5_OnOff24 Old VaultGUID= New VaultGUID=B7D15EC3-160A-466F-A46C-7801FE6295A7 Old ItemGUID= New ItemGUID=94F10305-BC3A-43DC-B08F-CF3F0FECA040 Old RevisionGUID= New RevisionGUID=6C30F6F3-C364-49BA-B8DD-9217E6577107
Change Managed Component Library Link : Designator=D5_OnOff25 Old VaultGUID= New VaultGUID=B7D15EC3-160A-466F-A46C-7801FE6295A7 Old ItemGUID= New ItemGUID=94F10305-BC3A-43DC-B08F-CF3F0FECA040 Old RevisionGUID= New RevisionGUID=6C30F6F3-C364-49BA-B8DD-9217E6577107
Change Managed Component Library Link : Designator=D5_OnOff26 Old VaultGUID= New VaultGUID=B7D15EC3-160A-466F-A46C-7801FE6295A7 Old ItemGUID= New ItemGUID=94F10305-BC3A-43DC-B08F-CF3F0FECA040 Old RevisionGUID= New RevisionGUID=6C30F6F3-C364-49BA-B8DD-9217E6577107
Change Managed Component Library Link : Designator=D6 Old VaultGUID= New VaultGUID=B7D15EC3-160A-466F-A46C-7801FE6295A7 Old ItemGUID= New ItemGUID=78DB6818-8332-478B-B84A-FE0DE8B51709 Old RevisionGUID= New RevisionGUID=2F36A327-34DA-4500-9DF0-40366BAF2BF6
Change Managed Component Library Link : Designator=D7 Old VaultGUID= New VaultGUID=B7D15EC3-160A-466F-A46C-7801FE6295A7 Old ItemGUID= New ItemGUID=78DB6818-8332-478B-B84A-FE0DE8B51709 Old RevisionGUID= New RevisionGUID=2F36A327-34DA-4500-9DF0-40366BAF2BF6
Change Managed Component Library Link : Designator=D8 Old VaultGUID= New VaultGUID=B7D15EC3-160A-466F-A46C-7801FE6295A7 Old ItemGUID= New ItemGUID=78DB6818-8332-478B-B84A-FE0DE8B51709 Old RevisionGUID= New RevisionGUID=2F36A327-34DA-4500-9DF0-40366BAF2BF6
Change Managed Component Library Link : Designator=D9_Prop1 Old VaultGUID= New VaultGUID=B7D15EC3-160A-466F-A46C-7801FE6295A7 Old ItemGUID= New ItemGUID=78DB6818-8332-478B-B84A-FE0DE8B51709 Old RevisionGUID= New RevisionGUID=2F36A327-34DA-4500-9DF0-40366BAF2BF6
Change Managed Component Library Link : Designator=D9_Prop2 Old VaultGUID= New VaultGUID=B7D15EC3-160A-466F-A46C-7801FE6295A7 Old ItemGUID= New ItemGUID=78DB6818-8332-478B-B84A-FE0DE8B51709 Old RevisionGUID= New RevisionGUID=2F36A327-34DA-4500-9DF0-40366BAF2BF6
Change Managed Component Library Link : Designator=D9_Prop3 Old VaultGUID= New VaultGUID=B7D15EC3-160A-466F-A46C-7801FE6295A7 Old ItemGUID= New ItemGUID=78DB6818-8332-478B-B84A-FE0DE8B51709 Old RevisionGUID= New RevisionGUID=2F36A327-34DA-4500-9DF0-40366BAF2BF6
Change Managed Component Library Link : Designator=D9_Prop4 Old VaultGUID= New VaultGUID=B7D15EC3-160A-466F-A46C-7801FE6295A7 Old ItemGUID= New ItemGUID=78DB6818-8332-478B-B84A-FE0DE8B51709 Old RevisionGUID= New RevisionGUID=2F36A327-34DA-4500-9DF0-40366BAF2BF6
Change Managed Component Library Link : Designator=D9_Prop5 Old VaultGUID= New VaultGUID=B7D15EC3-160A-466F-A46C-7801FE6295A7 Old ItemGUID= New ItemGUID=78DB6818-8332-478B-B84A-FE0DE8B51709 Old RevisionGUID= New RevisionGUID=2F36A327-34DA-4500-9DF0-40366BAF2BF6
Change Managed Component Library Link : Designator=D10_Prop1 Old VaultGUID= New VaultGUID=B7D15EC3-160A-466F-A46C-7801FE6295A7 Old ItemGUID= New ItemGUID=94F10305-BC3A-43DC-B08F-CF3F0FECA040 Old RevisionGUID= New RevisionGUID=6C30F6F3-C364-49BA-B8DD-9217E6577107
Change Managed Component Library Link : Designator=D10_Prop2 Old VaultGUID= New VaultGUID=B7D15EC3-160A-466F-A46C-7801FE6295A7 Old ItemGUID= New ItemGUID=94F10305-BC3A-43DC-B08F-CF3F0FECA040 Old RevisionGUID= New RevisionGUID=6C30F6F3-C364-49BA-B8DD-9217E6577107
Change Managed Component Library Link : Designator=D10_Prop3 Old VaultGUID= New VaultGUID=B7D15EC3-160A-466F-A46C-7801FE6295A7 Old ItemGUID= New ItemGUID=94F10305-BC3A-43DC-B08F-CF3F0FECA040 Old RevisionGUID= New RevisionGUID=6C30F6F3-C364-49BA-B8DD-9217E6577107
Change Managed Component Library Link : Designator=D10_Prop4 Old VaultGUID= New VaultGUID=B7D15EC3-160A-466F-A46C-7801FE6295A7 Old ItemGUID= New ItemGUID=94F10305-BC3A-43DC-B08F-CF3F0FECA040 Old RevisionGUID= New RevisionGUID=6C30F6F3-C364-49BA-B8DD-9217E6577107
Change Managed Component Library Link : Designator=D10_Prop5 Old VaultGUID= New VaultGUID=B7D15EC3-160A-466F-A46C-7801FE6295A7 Old ItemGUID= New ItemGUID=94F10305-BC3A-43DC-B08F-CF3F0FECA040 Old RevisionGUID= New RevisionGUID=6C30F6F3-C364-49BA-B8DD-9217E6577107
Change Managed Component Library Link : Designator=J1 Old VaultGUID= New VaultGUID=B7D15EC3-160A-466F-A46C-7801FE6295A7 Old ItemGUID= New ItemGUID=CAE667FA-CA69-4A21-B962-8C797C189E9E Old RevisionGUID= New RevisionGUID=3C547291-AA81-4CCE-931F-339B6C403646
Change Managed Component Library Link : Designator=J2_Sens1 Old VaultGUID= New VaultGUID=B7D15EC3-160A-466F-A46C-7801FE6295A7 Old ItemGUID= New ItemGUID=214BC7DE-2C51-4FDB-BF26-E41E0D263AE8 Old RevisionGUID= New RevisionGUID=86A07F49-0081-4477-AB77-FE9027D32C1D
Change Managed Component Library Link : Designator=J2_Sens2 Old VaultGUID= New VaultGUID=B7D15EC3-160A-466F-A46C-7801FE6295A7 Old ItemGUID= New ItemGUID=214BC7DE-2C51-4FDB-BF26-E41E0D263AE8 Old RevisionGUID= New RevisionGUID=86A07F49-0081-4477-AB77-FE9027D32C1D
Change Managed Component Library Link : Designator=J2_Sens3 Old VaultGUID= New VaultGUID=B7D15EC3-160A-466F-A46C-7801FE6295A7 Old ItemGUID= New ItemGUID=214BC7DE-2C51-4FDB-BF26-E41E0D263AE8 Old RevisionGUID= New RevisionGUID=86A07F49-0081-4477-AB77-FE9027D32C1D
Change Managed Component Library Link : Designator=J2_Sens4 Old VaultGUID= New VaultGUID=B7D15EC3-160A-466F-A46C-7801FE6295A7 Old ItemGUID= New ItemGUID=214BC7DE-2C51-4FDB-BF26-E41E0D263AE8 Old RevisionGUID= New RevisionGUID=86A07F49-0081-4477-AB77-FE9027D32C1D
Change Managed Component Library Link : Designator=J2_Sens5 Old VaultGUID= New VaultGUID=B7D15EC3-160A-466F-A46C-7801FE6295A7 Old ItemGUID= New ItemGUID=214BC7DE-2C51-4FDB-BF26-E41E0D263AE8 Old RevisionGUID= New RevisionGUID=86A07F49-0081-4477-AB77-FE9027D32C1D
Change Managed Component Library Link : Designator=J2_Sens6 Old VaultGUID= New VaultGUID=B7D15EC3-160A-466F-A46C-7801FE6295A7 Old ItemGUID= New ItemGUID=214BC7DE-2C51-4FDB-BF26-E41E0D263AE8 Old RevisionGUID= New RevisionGUID=86A07F49-0081-4477-AB77-FE9027D32C1D
Change Managed Component Library Link : Designator=J2_Sens7 Old VaultGUID= New VaultGUID=B7D15EC3-160A-466F-A46C-7801FE6295A7 Old ItemGUID= New ItemGUID=214BC7DE-2C51-4FDB-BF26-E41E0D263AE8 Old RevisionGUID= New RevisionGUID=86A07F49-0081-4477-AB77-FE9027D32C1D
Change Managed Component Library Link : Designator=J2_Sens8 Old VaultGUID= New VaultGUID=B7D15EC3-160A-466F-A46C-7801FE6295A7 Old ItemGUID= New ItemGUID=214BC7DE-2C51-4FDB-BF26-E41E0D263AE8 Old RevisionGUID= New RevisionGUID=86A07F49-0081-4477-AB77-FE9027D32C1D
Change Managed Component Library Link : Designator=J9 Old VaultGUID= New VaultGUID=B7D15EC3-160A-466F-A46C-7801FE6295A7 Old ItemGUID= New ItemGUID=CAE667FA-CA69-4A21-B962-8C797C189E9E Old RevisionGUID= New RevisionGUID=3C547291-AA81-4CCE-931F-339B6C403646
Change Managed Component Library Link : Designator=J11 Old VaultGUID= New VaultGUID=B7D15EC3-160A-466F-A46C-7801FE6295A7 Old ItemGUID= New ItemGUID=762CD3B5-777E-4E71-AF6C-D9624E7820A7 Old RevisionGUID= New RevisionGUID=2A91736E-1263-4C40-B12A-703DFEA5CB6A
Change Managed Component Library Link : Designator=J12 Old VaultGUID= New VaultGUID=B7D15EC3-160A-466F-A46C-7801FE6295A7 Old ItemGUID= New ItemGUID=762CD3B5-777E-4E71-AF6C-D9624E7820A7 Old RevisionGUID= New RevisionGUID=2A91736E-1263-4C40-B12A-703DFEA5CB6A
Change Managed Component Library Link : Designator=J13 Old VaultGUID= New VaultGUID=B7D15EC3-160A-466F-A46C-7801FE6295A7 Old ItemGUID= New ItemGUID=CAE667FA-CA69-4A21-B962-8C797C189E9E Old RevisionGUID= New RevisionGUID=3C547291-AA81-4CCE-931F-339B6C403646
Change Managed Component Library Link : Designator=J14 Old VaultGUID= New VaultGUID=B7D15EC3-160A-466F-A46C-7801FE6295A7 Old ItemGUID= New ItemGUID=CAE667FA-CA69-4A21-B962-8C797C189E9E Old RevisionGUID= New RevisionGUID=3C547291-AA81-4CCE-931F-339B6C403646
Change Managed Component Library Link : Designator=Q1 Old VaultGUID= New VaultGUID=B7D15EC3-160A-466F-A46C-7801FE6295A7 Old ItemGUID= New ItemGUID=F4494351-9BDE-4033-9E4D-E74A54275B6F Old RevisionGUID= New RevisionGUID=E21D673A-85F6-411B-8C06-1EABFE84B706
Change Managed Component Library Link : Designator=Q2_OnOff1 Old VaultGUID= New VaultGUID=B7D15EC3-160A-466F-A46C-7801FE6295A7 Old ItemGUID= New ItemGUID=F4494351-9BDE-4033-9E4D-E74A54275B6F Old RevisionGUID= New RevisionGUID=E21D673A-85F6-411B-8C06-1EABFE84B706
Change Managed Component Library Link : Designator=Q2_OnOff2 Old VaultGUID= New VaultGUID=B7D15EC3-160A-466F-A46C-7801FE6295A7 Old ItemGUID= New ItemGUID=F4494351-9BDE-4033-9E4D-E74A54275B6F Old RevisionGUID= New RevisionGUID=E21D673A-85F6-411B-8C06-1EABFE84B706
Change Managed Component Library Link : Designator=Q2_OnOff3 Old VaultGUID= New VaultGUID=B7D15EC3-160A-466F-A46C-7801FE6295A7 Old ItemGUID= New ItemGUID=F4494351-9BDE-4033-9E4D-E74A54275B6F Old RevisionGUID= New RevisionGUID=E21D673A-85F6-411B-8C06-1EABFE84B706
Change Managed Component Library Link : Designator=Q2_OnOff4 Old VaultGUID= New VaultGUID=B7D15EC3-160A-466F-A46C-7801FE6295A7 Old ItemGUID= New ItemGUID=F4494351-9BDE-4033-9E4D-E74A54275B6F Old RevisionGUID= New RevisionGUID=E21D673A-85F6-411B-8C06-1EABFE84B706
Change Managed Component Library Link : Designator=Q2_OnOff5 Old VaultGUID= New VaultGUID=B7D15EC3-160A-466F-A46C-7801FE6295A7 Old ItemGUID= New ItemGUID=F4494351-9BDE-4033-9E4D-E74A54275B6F Old RevisionGUID= New RevisionGUID=E21D673A-85F6-411B-8C06-1EABFE84B706
Change Managed Component Library Link : Designator=Q2_OnOff6 Old VaultGUID= New VaultGUID=B7D15EC3-160A-466F-A46C-7801FE6295A7 Old ItemGUID= New ItemGUID=F4494351-9BDE-4033-9E4D-E74A54275B6F Old RevisionGUID= New RevisionGUID=E21D673A-85F6-411B-8C06-1EABFE84B706
Change Managed Component Library Link : Designator=Q2_OnOff7 Old VaultGUID= New VaultGUID=B7D15EC3-160A-466F-A46C-7801FE6295A7 Old ItemGUID= New ItemGUID=F4494351-9BDE-4033-9E4D-E74A54275B6F Old RevisionGUID= New RevisionGUID=E21D673A-85F6-411B-8C06-1EABFE84B706
Change Managed Component Library Link : Designator=Q2_OnOff8 Old VaultGUID= New VaultGUID=B7D15EC3-160A-466F-A46C-7801FE6295A7 Old ItemGUID= New ItemGUID=F4494351-9BDE-4033-9E4D-E74A54275B6F Old RevisionGUID= New RevisionGUID=E21D673A-85F6-411B-8C06-1EABFE84B706
Change Managed Component Library Link : Designator=Q2_OnOff9 Old VaultGUID= New VaultGUID=B7D15EC3-160A-466F-A46C-7801FE6295A7 Old ItemGUID= New ItemGUID=F4494351-9BDE-4033-9E4D-E74A54275B6F Old RevisionGUID= New RevisionGUID=E21D673A-85F6-411B-8C06-1EABFE84B706
Change Managed Component Library Link : Designator=Q2_OnOff10 Old VaultGUID= New VaultGUID=B7D15EC3-160A-466F-A46C-7801FE6295A7 Old ItemGUID= New ItemGUID=F4494351-9BDE-4033-9E4D-E74A54275B6F Old RevisionGUID= New RevisionGUID=E21D673A-85F6-411B-8C06-1EABFE84B706
Change Managed Component Library Link : Designator=Q2_OnOff11 Old VaultGUID= New VaultGUID=B7D15EC3-160A-466F-A46C-7801FE6295A7 Old ItemGUID= New ItemGUID=F4494351-9BDE-4033-9E4D-E74A54275B6F Old RevisionGUID= New RevisionGUID=E21D673A-85F6-411B-8C06-1EABFE84B706
Change Managed Component Library Link : Designator=Q2_OnOff12 Old VaultGUID= New VaultGUID=B7D15EC3-160A-466F-A46C-7801FE6295A7 Old ItemGUID= New ItemGUID=F4494351-9BDE-4033-9E4D-E74A54275B6F Old RevisionGUID= New RevisionGUID=E21D673A-85F6-411B-8C06-1EABFE84B706
Change Managed Component Library Link : Designator=Q2_OnOff13 Old VaultGUID= New VaultGUID=B7D15EC3-160A-466F-A46C-7801FE6295A7 Old ItemGUID= New ItemGUID=F4494351-9BDE-4033-9E4D-E74A54275B6F Old RevisionGUID= New RevisionGUID=E21D673A-85F6-411B-8C06-1EABFE84B706
Change Managed Component Library Link : Designator=Q2_OnOff14 Old VaultGUID= New VaultGUID=B7D15EC3-160A-466F-A46C-7801FE6295A7 Old ItemGUID= New ItemGUID=F4494351-9BDE-4033-9E4D-E74A54275B6F Old RevisionGUID= New RevisionGUID=E21D673A-85F6-411B-8C06-1EABFE84B706
Change Managed Component Library Link : Designator=Q2_OnOff15 Old VaultGUID= New VaultGUID=B7D15EC3-160A-466F-A46C-7801FE6295A7 Old ItemGUID= New ItemGUID=F4494351-9BDE-4033-9E4D-E74A54275B6F Old RevisionGUID= New RevisionGUID=E21D673A-85F6-411B-8C06-1EABFE84B706
Change Managed Component Library Link : Designator=Q2_OnOff16 Old VaultGUID= New VaultGUID=B7D15EC3-160A-466F-A46C-7801FE6295A7 Old ItemGUID= New ItemGUID=F4494351-9BDE-4033-9E4D-E74A54275B6F Old RevisionGUID= New RevisionGUID=E21D673A-85F6-411B-8C06-1EABFE84B706
Change Managed Component Library Link : Designator=Q2_OnOff17 Old VaultGUID= New VaultGUID=B7D15EC3-160A-466F-A46C-7801FE6295A7 Old ItemGUID= New ItemGUID=F4494351-9BDE-4033-9E4D-E74A54275B6F Old RevisionGUID= New RevisionGUID=E21D673A-85F6-411B-8C06-1EABFE84B706
Change Managed Component Library Link : Designator=Q2_OnOff18 Old VaultGUID= New VaultGUID=B7D15EC3-160A-466F-A46C-7801FE6295A7 Old ItemGUID= New ItemGUID=F4494351-9BDE-4033-9E4D-E74A54275B6F Old RevisionGUID= New RevisionGUID=E21D673A-85F6-411B-8C06-1EABFE84B706
Change Managed Component Library Link : Designator=Q2_OnOff19 Old VaultGUID= New VaultGUID=B7D15EC3-160A-466F-A46C-7801FE6295A7 Old ItemGUID= New ItemGUID=F4494351-9BDE-4033-9E4D-E74A54275B6F Old RevisionGUID= New RevisionGUID=E21D673A-85F6-411B-8C06-1EABFE84B706
Change Managed Component Library Link : Designator=Q2_OnOff20 Old VaultGUID= New VaultGUID=B7D15EC3-160A-466F-A46C-7801FE6295A7 Old ItemGUID= New ItemGUID=F4494351-9BDE-4033-9E4D-E74A54275B6F Old RevisionGUID= New RevisionGUID=E21D673A-85F6-411B-8C06-1EABFE84B706
Change Managed Component Library Link : Designator=Q2_OnOff21 Old VaultGUID= New VaultGUID=B7D15EC3-160A-466F-A46C-7801FE6295A7 Old ItemGUID= New ItemGUID=F4494351-9BDE-4033-9E4D-E74A54275B6F Old RevisionGUID= New RevisionGUID=E21D673A-85F6-411B-8C06-1EABFE84B706
Change Managed Component Library Link : Designator=Q2_OnOff22 Old VaultGUID= New VaultGUID=B7D15EC3-160A-466F-A46C-7801FE6295A7 Old ItemGUID= New ItemGUID=F4494351-9BDE-4033-9E4D-E74A54275B6F Old RevisionGUID= New RevisionGUID=E21D673A-85F6-411B-8C06-1EABFE84B706
Change Managed Component Library Link : Designator=Q2_OnOff23 Old VaultGUID= New VaultGUID=B7D15EC3-160A-466F-A46C-7801FE6295A7 Old ItemGUID= New ItemGUID=F4494351-9BDE-4033-9E4D-E74A54275B6F Old RevisionGUID= New RevisionGUID=E21D673A-85F6-411B-8C06-1EABFE84B706
Change Managed Component Library Link : Designator=Q2_OnOff24 Old VaultGUID= New VaultGUID=B7D15EC3-160A-466F-A46C-7801FE6295A7 Old ItemGUID= New ItemGUID=F4494351-9BDE-4033-9E4D-E74A54275B6F Old RevisionGUID= New RevisionGUID=E21D673A-85F6-411B-8C06-1EABFE84B706
Change Managed Component Library Link : Designator=Q2_OnOff25 Old VaultGUID= New VaultGUID=B7D15EC3-160A-466F-A46C-7801FE6295A7 Old ItemGUID= New ItemGUID=F4494351-9BDE-4033-9E4D-E74A54275B6F Old RevisionGUID= New RevisionGUID=E21D673A-85F6-411B-8C06-1EABFE84B706
Change Managed Component Library Link : Designator=Q2_OnOff26 Old VaultGUID= New VaultGUID=B7D15EC3-160A-466F-A46C-7801FE6295A7 Old ItemGUID= New ItemGUID=F4494351-9BDE-4033-9E4D-E74A54275B6F Old RevisionGUID= New RevisionGUID=E21D673A-85F6-411B-8C06-1EABFE84B706
Change Managed Component Library Link : Designator=Q3_Prop1 Old VaultGUID= New VaultGUID=B7D15EC3-160A-466F-A46C-7801FE6295A7 Old ItemGUID= New ItemGUID=F4494351-9BDE-4033-9E4D-E74A54275B6F Old RevisionGUID= New RevisionGUID=E21D673A-85F6-411B-8C06-1EABFE84B706
Change Managed Component Library Link : Designator=Q3_Prop2 Old VaultGUID= New VaultGUID=B7D15EC3-160A-466F-A46C-7801FE6295A7 Old ItemGUID= New ItemGUID=F4494351-9BDE-4033-9E4D-E74A54275B6F Old RevisionGUID= New RevisionGUID=E21D673A-85F6-411B-8C06-1EABFE84B706
Change Managed Component Library Link : Designator=Q3_Prop3 Old VaultGUID= New VaultGUID=B7D15EC3-160A-466F-A46C-7801FE6295A7 Old ItemGUID= New ItemGUID=F4494351-9BDE-4033-9E4D-E74A54275B6F Old RevisionGUID= New RevisionGUID=E21D673A-85F6-411B-8C06-1EABFE84B706
Change Managed Component Library Link : Designator=Q3_Prop4 Old VaultGUID= New VaultGUID=B7D15EC3-160A-466F-A46C-7801FE6295A7 Old ItemGUID= New ItemGUID=F4494351-9BDE-4033-9E4D-E74A54275B6F Old RevisionGUID= New RevisionGUID=E21D673A-85F6-411B-8C06-1EABFE84B706
Change Managed Component Library Link : Designator=Q3_Prop5 Old VaultGUID= New VaultGUID=B7D15EC3-160A-466F-A46C-7801FE6295A7 Old ItemGUID= New ItemGUID=F4494351-9BDE-4033-9E4D-E74A54275B6F Old RevisionGUID= New RevisionGUID=E21D673A-85F6-411B-8C06-1EABFE84B706
Change Managed Component Library Link : Designator=R1 Old VaultGUID= New VaultGUID=B7D15EC3-160A-466F-A46C-7801FE6295A7 Old ItemGUID= New ItemGUID=B3149CB2-93B5-45E7-AE49-7A2C651E870B Old RevisionGUID= New RevisionGUID=9B0B6674-E9CA-4D58-AF6E-15A311C59A9D
Change Managed Component Library Link : Designator=R2 Old VaultGUID= New VaultGUID=B7D15EC3-160A-466F-A46C-7801FE6295A7 Old ItemGUID= New ItemGUID=D6FF6A2E-237B-4D32-86D1-1B9665B5CB39 Old RevisionGUID= New RevisionGUID=5919DCB2-6C32-4D73-A0F5-E31FD5A5471D
Change Managed Component Library Link : Designator=R3 Old VaultGUID= New VaultGUID=B7D15EC3-160A-466F-A46C-7801FE6295A7 Old ItemGUID= New ItemGUID=049FFEF2-119A-4E11-A41E-020E9D2ABB13 Old RevisionGUID= New RevisionGUID=1638AEE5-B534-4F94-A998-88D2102650C9
Change Managed Component Library Link : Designator=R4 Old VaultGUID= New VaultGUID=B7D15EC3-160A-466F-A46C-7801FE6295A7 Old ItemGUID= New ItemGUID=049FFEF2-119A-4E11-A41E-020E9D2ABB13 Old RevisionGUID= New RevisionGUID=1638AEE5-B534-4F94-A998-88D2102650C9
Change Managed Component Library Link : Designator=R5 Old VaultGUID= New VaultGUID=B7D15EC3-160A-466F-A46C-7801FE6295A7 Old ItemGUID= New ItemGUID=049FFEF2-119A-4E11-A41E-020E9D2ABB13 Old RevisionGUID= New RevisionGUID=1638AEE5-B534-4F94-A998-88D2102650C9
Change Managed Component Library Link : Designator=R6_OnOff1 Old VaultGUID= New VaultGUID=B7D15EC3-160A-466F-A46C-7801FE6295A7 Old ItemGUID= New ItemGUID=B3149CB2-93B5-45E7-AE49-7A2C651E870B Old RevisionGUID= New RevisionGUID=9B0B6674-E9CA-4D58-AF6E-15A311C59A9D
Change Managed Component Library Link : Designator=R6_OnOff2 Old VaultGUID= New VaultGUID=B7D15EC3-160A-466F-A46C-7801FE6295A7 Old ItemGUID= New ItemGUID=B3149CB2-93B5-45E7-AE49-7A2C651E870B Old RevisionGUID= New RevisionGUID=9B0B6674-E9CA-4D58-AF6E-15A311C59A9D
Change Managed Component Library Link : Designator=R6_OnOff3 Old VaultGUID= New VaultGUID=B7D15EC3-160A-466F-A46C-7801FE6295A7 Old ItemGUID= New ItemGUID=B3149CB2-93B5-45E7-AE49-7A2C651E870B Old RevisionGUID= New RevisionGUID=9B0B6674-E9CA-4D58-AF6E-15A311C59A9D
Change Managed Component Library Link : Designator=R6_OnOff4 Old VaultGUID= New VaultGUID=B7D15EC3-160A-466F-A46C-7801FE6295A7 Old ItemGUID= New ItemGUID=B3149CB2-93B5-45E7-AE49-7A2C651E870B Old RevisionGUID= New RevisionGUID=9B0B6674-E9CA-4D58-AF6E-15A311C59A9D
Change Managed Component Library Link : Designator=R6_OnOff5 Old VaultGUID= New VaultGUID=B7D15EC3-160A-466F-A46C-7801FE6295A7 Old ItemGUID= New ItemGUID=B3149CB2-93B5-45E7-AE49-7A2C651E870B Old RevisionGUID= New RevisionGUID=9B0B6674-E9CA-4D58-AF6E-15A311C59A9D
Change Managed Component Library Link : Designator=R6_OnOff6 Old VaultGUID= New VaultGUID=B7D15EC3-160A-466F-A46C-7801FE6295A7 Old ItemGUID= New ItemGUID=B3149CB2-93B5-45E7-AE49-7A2C651E870B Old RevisionGUID= New RevisionGUID=9B0B6674-E9CA-4D58-AF6E-15A311C59A9D
Change Managed Component Library Link : Designator=R6_OnOff7 Old VaultGUID= New VaultGUID=B7D15EC3-160A-466F-A46C-7801FE6295A7 Old ItemGUID= New ItemGUID=B3149CB2-93B5-45E7-AE49-7A2C651E870B Old RevisionGUID= New RevisionGUID=9B0B6674-E9CA-4D58-AF6E-15A311C59A9D
Change Managed Component Library Link : Designator=R6_OnOff8 Old VaultGUID= New VaultGUID=B7D15EC3-160A-466F-A46C-7801FE6295A7 Old ItemGUID= New ItemGUID=B3149CB2-93B5-45E7-AE49-7A2C651E870B Old RevisionGUID= New RevisionGUID=9B0B6674-E9CA-4D58-AF6E-15A311C59A9D
Change Managed Component Library Link : Designator=R6_OnOff9 Old VaultGUID= New VaultGUID=B7D15EC3-160A-466F-A46C-7801FE6295A7 Old ItemGUID= New ItemGUID=B3149CB2-93B5-45E7-AE49-7A2C651E870B Old RevisionGUID= New RevisionGUID=9B0B6674-E9CA-4D58-AF6E-15A311C59A9D
Change Managed Component Library Link : Designator=R6_OnOff10 Old VaultGUID= New VaultGUID=B7D15EC3-160A-466F-A46C-7801FE6295A7 Old ItemGUID= New ItemGUID=B3149CB2-93B5-45E7-AE49-7A2C651E870B Old RevisionGUID= New RevisionGUID=9B0B6674-E9CA-4D58-AF6E-15A311C59A9D
Change Managed Component Library Link : Designator=R6_OnOff11 Old VaultGUID= New VaultGUID=B7D15EC3-160A-466F-A46C-7801FE6295A7 Old ItemGUID= New ItemGUID=B3149CB2-93B5-45E7-AE49-7A2C651E870B Old RevisionGUID= New RevisionGUID=9B0B6674-E9CA-4D58-AF6E-15A311C59A9D
Change Managed Component Library Link : Designator=R6_OnOff12 Old VaultGUID= New VaultGUID=B7D15EC3-160A-466F-A46C-7801FE6295A7 Old ItemGUID= New ItemGUID=B3149CB2-93B5-45E7-AE49-7A2C651E870B Old RevisionGUID= New RevisionGUID=9B0B6674-E9CA-4D58-AF6E-15A311C59A9D
Change Managed Component Library Link : Designator=R6_OnOff13 Old VaultGUID= New VaultGUID=B7D15EC3-160A-466F-A46C-7801FE6295A7 Old ItemGUID= New ItemGUID=B3149CB2-93B5-45E7-AE49-7A2C651E870B Old RevisionGUID= New RevisionGUID=9B0B6674-E9CA-4D58-AF6E-15A311C59A9D
Change Managed Component Library Link : Designator=R6_OnOff14 Old VaultGUID= New VaultGUID=B7D15EC3-160A-466F-A46C-7801FE6295A7 Old ItemGUID= New ItemGUID=B3149CB2-93B5-45E7-AE49-7A2C651E870B Old RevisionGUID= New RevisionGUID=9B0B6674-E9CA-4D58-AF6E-15A311C59A9D
Change Managed Component Library Link : Designator=R6_OnOff15 Old VaultGUID= New VaultGUID=B7D15EC3-160A-466F-A46C-7801FE6295A7 Old ItemGUID= New ItemGUID=B3149CB2-93B5-45E7-AE49-7A2C651E870B Old RevisionGUID= New RevisionGUID=9B0B6674-E9CA-4D58-AF6E-15A311C59A9D
Change Managed Component Library Link : Designator=R6_OnOff16 Old VaultGUID= New VaultGUID=B7D15EC3-160A-466F-A46C-7801FE6295A7 Old ItemGUID= New ItemGUID=B3149CB2-93B5-45E7-AE49-7A2C651E870B Old RevisionGUID= New RevisionGUID=9B0B6674-E9CA-4D58-AF6E-15A311C59A9D
Change Managed Component Library Link : Designator=R6_OnOff17 Old VaultGUID= New VaultGUID=B7D15EC3-160A-466F-A46C-7801FE6295A7 Old ItemGUID= New ItemGUID=B3149CB2-93B5-45E7-AE49-7A2C651E870B Old RevisionGUID= New RevisionGUID=9B0B6674-E9CA-4D58-AF6E-15A311C59A9D
Change Managed Component Library Link : Designator=R6_OnOff18 Old VaultGUID= New VaultGUID=B7D15EC3-160A-466F-A46C-7801FE6295A7 Old ItemGUID= New ItemGUID=B3149CB2-93B5-45E7-AE49-7A2C651E870B Old RevisionGUID= New RevisionGUID=9B0B6674-E9CA-4D58-AF6E-15A311C59A9D
Change Managed Component Library Link : Designator=R6_OnOff19 Old VaultGUID= New VaultGUID=B7D15EC3-160A-466F-A46C-7801FE6295A7 Old ItemGUID= New ItemGUID=B3149CB2-93B5-45E7-AE49-7A2C651E870B Old RevisionGUID= New RevisionGUID=9B0B6674-E9CA-4D58-AF6E-15A311C59A9D
Change Managed Component Library Link : Designator=R6_OnOff20 Old VaultGUID= New VaultGUID=B7D15EC3-160A-466F-A46C-7801FE6295A7 Old ItemGUID= New ItemGUID=B3149CB2-93B5-45E7-AE49-7A2C651E870B Old RevisionGUID= New RevisionGUID=9B0B6674-E9CA-4D58-AF6E-15A311C59A9D
Change Managed Component Library Link : Designator=R6_OnOff21 Old VaultGUID= New VaultGUID=B7D15EC3-160A-466F-A46C-7801FE6295A7 Old ItemGUID= New ItemGUID=B3149CB2-93B5-45E7-AE49-7A2C651E870B Old RevisionGUID= New RevisionGUID=9B0B6674-E9CA-4D58-AF6E-15A311C59A9D
Change Managed Component Library Link : Designator=R6_OnOff22 Old VaultGUID= New VaultGUID=B7D15EC3-160A-466F-A46C-7801FE6295A7 Old ItemGUID= New ItemGUID=B3149CB2-93B5-45E7-AE49-7A2C651E870B Old RevisionGUID= New RevisionGUID=9B0B6674-E9CA-4D58-AF6E-15A311C59A9D
Change Managed Component Library Link : Designator=R6_OnOff23 Old VaultGUID= New VaultGUID=B7D15EC3-160A-466F-A46C-7801FE6295A7 Old ItemGUID= New ItemGUID=B3149CB2-93B5-45E7-AE49-7A2C651E870B Old RevisionGUID= New RevisionGUID=9B0B6674-E9CA-4D58-AF6E-15A311C59A9D
Change Managed Component Library Link : Designator=R6_OnOff24 Old VaultGUID= New VaultGUID=B7D15EC3-160A-466F-A46C-7801FE6295A7 Old ItemGUID= New ItemGUID=B3149CB2-93B5-45E7-AE49-7A2C651E870B Old RevisionGUID= New RevisionGUID=9B0B6674-E9CA-4D58-AF6E-15A311C59A9D
Change Managed Component Library Link : Designator=R6_OnOff25 Old VaultGUID= New VaultGUID=B7D15EC3-160A-466F-A46C-7801FE6295A7 Old ItemGUID= New ItemGUID=B3149CB2-93B5-45E7-AE49-7A2C651E870B Old RevisionGUID= New RevisionGUID=9B0B6674-E9CA-4D58-AF6E-15A311C59A9D
Change Managed Component Library Link : Designator=R6_OnOff26 Old VaultGUID= New VaultGUID=B7D15EC3-160A-466F-A46C-7801FE6295A7 Old ItemGUID= New ItemGUID=B3149CB2-93B5-45E7-AE49-7A2C651E870B Old RevisionGUID= New RevisionGUID=9B0B6674-E9CA-4D58-AF6E-15A311C59A9D
Change Managed Component Library Link : Designator=R7_OnOff1 Old VaultGUID= New VaultGUID=B7D15EC3-160A-466F-A46C-7801FE6295A7 Old ItemGUID= New ItemGUID=D6FF6A2E-237B-4D32-86D1-1B9665B5CB39 Old RevisionGUID= New RevisionGUID=5919DCB2-6C32-4D73-A0F5-E31FD5A5471D
Change Managed Component Library Link : Designator=R7_OnOff2 Old VaultGUID= New VaultGUID=B7D15EC3-160A-466F-A46C-7801FE6295A7 Old ItemGUID= New ItemGUID=D6FF6A2E-237B-4D32-86D1-1B9665B5CB39 Old RevisionGUID= New RevisionGUID=5919DCB2-6C32-4D73-A0F5-E31FD5A5471D
Change Managed Component Library Link : Designator=R7_OnOff3 Old VaultGUID= New VaultGUID=B7D15EC3-160A-466F-A46C-7801FE6295A7 Old ItemGUID= New ItemGUID=D6FF6A2E-237B-4D32-86D1-1B9665B5CB39 Old RevisionGUID= New RevisionGUID=5919DCB2-6C32-4D73-A0F5-E31FD5A5471D
Change Managed Component Library Link : Designator=R7_OnOff4 Old VaultGUID= New VaultGUID=B7D15EC3-160A-466F-A46C-7801FE6295A7 Old ItemGUID= New ItemGUID=D6FF6A2E-237B-4D32-86D1-1B9665B5CB39 Old RevisionGUID= New RevisionGUID=5919DCB2-6C32-4D73-A0F5-E31FD5A5471D
Change Managed Component Library Link : Designator=R7_OnOff5 Old VaultGUID= New VaultGUID=B7D15EC3-160A-466F-A46C-7801FE6295A7 Old ItemGUID= New ItemGUID=D6FF6A2E-237B-4D32-86D1-1B9665B5CB39 Old RevisionGUID= New RevisionGUID=5919DCB2-6C32-4D73-A0F5-E31FD5A5471D
Change Managed Component Library Link : Designator=R7_OnOff6 Old VaultGUID= New VaultGUID=B7D15EC3-160A-466F-A46C-7801FE6295A7 Old ItemGUID= New ItemGUID=D6FF6A2E-237B-4D32-86D1-1B9665B5CB39 Old RevisionGUID= New RevisionGUID=5919DCB2-6C32-4D73-A0F5-E31FD5A5471D
Change Managed Component Library Link : Designator=R7_OnOff7 Old VaultGUID= New VaultGUID=B7D15EC3-160A-466F-A46C-7801FE6295A7 Old ItemGUID= New ItemGUID=D6FF6A2E-237B-4D32-86D1-1B9665B5CB39 Old RevisionGUID= New RevisionGUID=5919DCB2-6C32-4D73-A0F5-E31FD5A5471D
Change Managed Component Library Link : Designator=R7_OnOff8 Old VaultGUID= New VaultGUID=B7D15EC3-160A-466F-A46C-7801FE6295A7 Old ItemGUID= New ItemGUID=D6FF6A2E-237B-4D32-86D1-1B9665B5CB39 Old RevisionGUID= New RevisionGUID=5919DCB2-6C32-4D73-A0F5-E31FD5A5471D
Change Managed Component Library Link : Designator=R7_OnOff9 Old VaultGUID= New VaultGUID=B7D15EC3-160A-466F-A46C-7801FE6295A7 Old ItemGUID= New ItemGUID=D6FF6A2E-237B-4D32-86D1-1B9665B5CB39 Old RevisionGUID= New RevisionGUID=5919DCB2-6C32-4D73-A0F5-E31FD5A5471D
Change Managed Component Library Link : Designator=R7_OnOff10 Old VaultGUID= New VaultGUID=B7D15EC3-160A-466F-A46C-7801FE6295A7 Old ItemGUID= New ItemGUID=D6FF6A2E-237B-4D32-86D1-1B9665B5CB39 Old RevisionGUID= New RevisionGUID=5919DCB2-6C32-4D73-A0F5-E31FD5A5471D
Change Managed Component Library Link : Designator=R7_OnOff11 Old VaultGUID= New VaultGUID=B7D15EC3-160A-466F-A46C-7801FE6295A7 Old ItemGUID= New ItemGUID=D6FF6A2E-237B-4D32-86D1-1B9665B5CB39 Old RevisionGUID= New RevisionGUID=5919DCB2-6C32-4D73-A0F5-E31FD5A5471D
Change Managed Component Library Link : Designator=R7_OnOff12 Old VaultGUID= New VaultGUID=B7D15EC3-160A-466F-A46C-7801FE6295A7 Old ItemGUID= New ItemGUID=D6FF6A2E-237B-4D32-86D1-1B9665B5CB39 Old RevisionGUID= New RevisionGUID=5919DCB2-6C32-4D73-A0F5-E31FD5A5471D
Change Managed Component Library Link : Designator=R7_OnOff13 Old VaultGUID= New VaultGUID=B7D15EC3-160A-466F-A46C-7801FE6295A7 Old ItemGUID= New ItemGUID=D6FF6A2E-237B-4D32-86D1-1B9665B5CB39 Old RevisionGUID= New RevisionGUID=5919DCB2-6C32-4D73-A0F5-E31FD5A5471D
Change Managed Component Library Link : Designator=R7_OnOff14 Old VaultGUID= New VaultGUID=B7D15EC3-160A-466F-A46C-7801FE6295A7 Old ItemGUID= New ItemGUID=D6FF6A2E-237B-4D32-86D1-1B9665B5CB39 Old RevisionGUID= New RevisionGUID=5919DCB2-6C32-4D73-A0F5-E31FD5A5471D
Change Managed Component Library Link : Designator=R7_OnOff15 Old VaultGUID= New VaultGUID=B7D15EC3-160A-466F-A46C-7801FE6295A7 Old ItemGUID= New ItemGUID=D6FF6A2E-237B-4D32-86D1-1B9665B5CB39 Old RevisionGUID= New RevisionGUID=5919DCB2-6C32-4D73-A0F5-E31FD5A5471D
Change Managed Component Library Link : Designator=R7_OnOff16 Old VaultGUID= New VaultGUID=B7D15EC3-160A-466F-A46C-7801FE6295A7 Old ItemGUID= New ItemGUID=D6FF6A2E-237B-4D32-86D1-1B9665B5CB39 Old RevisionGUID= New RevisionGUID=5919DCB2-6C32-4D73-A0F5-E31FD5A5471D
Change Managed Component Library Link : Designator=R7_OnOff17 Old VaultGUID= New VaultGUID=B7D15EC3-160A-466F-A46C-7801FE6295A7 Old ItemGUID= New ItemGUID=D6FF6A2E-237B-4D32-86D1-1B9665B5CB39 Old RevisionGUID= New RevisionGUID=5919DCB2-6C32-4D73-A0F5-E31FD5A5471D
Change Managed Component Library Link : Designator=R7_OnOff18 Old VaultGUID= New VaultGUID=B7D15EC3-160A-466F-A46C-7801FE6295A7 Old ItemGUID= New ItemGUID=D6FF6A2E-237B-4D32-86D1-1B9665B5CB39 Old RevisionGUID= New RevisionGUID=5919DCB2-6C32-4D73-A0F5-E31FD5A5471D
Change Managed Component Library Link : Designator=R7_OnOff19 Old VaultGUID= New VaultGUID=B7D15EC3-160A-466F-A46C-7801FE6295A7 Old ItemGUID= New ItemGUID=D6FF6A2E-237B-4D32-86D1-1B9665B5CB39 Old RevisionGUID= New RevisionGUID=5919DCB2-6C32-4D73-A0F5-E31FD5A5471D
Change Managed Component Library Link : Designator=R7_OnOff20 Old VaultGUID= New VaultGUID=B7D15EC3-160A-466F-A46C-7801FE6295A7 Old ItemGUID= New ItemGUID=D6FF6A2E-237B-4D32-86D1-1B9665B5CB39 Old RevisionGUID= New RevisionGUID=5919DCB2-6C32-4D73-A0F5-E31FD5A5471D
Change Managed Component Library Link : Designator=R7_OnOff21 Old VaultGUID= New VaultGUID=B7D15EC3-160A-466F-A46C-7801FE6295A7 Old ItemGUID= New ItemGUID=D6FF6A2E-237B-4D32-86D1-1B9665B5CB39 Old RevisionGUID= New RevisionGUID=5919DCB2-6C32-4D73-A0F5-E31FD5A5471D
Change Managed Component Library Link : Designator=R7_OnOff22 Old VaultGUID= New VaultGUID=B7D15EC3-160A-466F-A46C-7801FE6295A7 Old ItemGUID= New ItemGUID=D6FF6A2E-237B-4D32-86D1-1B9665B5CB39 Old RevisionGUID= New RevisionGUID=5919DCB2-6C32-4D73-A0F5-E31FD5A5471D
Change Managed Component Library Link : Designator=R7_OnOff23 Old VaultGUID= New VaultGUID=B7D15EC3-160A-466F-A46C-7801FE6295A7 Old ItemGUID= New ItemGUID=D6FF6A2E-237B-4D32-86D1-1B9665B5CB39 Old RevisionGUID= New RevisionGUID=5919DCB2-6C32-4D73-A0F5-E31FD5A5471D
Change Managed Component Library Link : Designator=R7_OnOff24 Old VaultGUID= New VaultGUID=B7D15EC3-160A-466F-A46C-7801FE6295A7 Old ItemGUID= New ItemGUID=D6FF6A2E-237B-4D32-86D1-1B9665B5CB39 Old RevisionGUID= New RevisionGUID=5919DCB2-6C32-4D73-A0F5-E31FD5A5471D
Change Managed Component Library Link : Designator=R7_OnOff25 Old VaultGUID= New VaultGUID=B7D15EC3-160A-466F-A46C-7801FE6295A7 Old ItemGUID= New ItemGUID=D6FF6A2E-237B-4D32-86D1-1B9665B5CB39 Old RevisionGUID= New RevisionGUID=5919DCB2-6C32-4D73-A0F5-E31FD5A5471D
Change Managed Component Library Link : Designator=R7_OnOff26 Old VaultGUID= New VaultGUID=B7D15EC3-160A-466F-A46C-7801FE6295A7 Old ItemGUID= New ItemGUID=D6FF6A2E-237B-4D32-86D1-1B9665B5CB39 Old RevisionGUID= New RevisionGUID=5919DCB2-6C32-4D73-A0F5-E31FD5A5471D
Change Managed Component Library Link : Designator=R8_OnOff1 Old VaultGUID= New VaultGUID=B7D15EC3-160A-466F-A46C-7801FE6295A7 Old ItemGUID= New ItemGUID=D6FF6A2E-237B-4D32-86D1-1B9665B5CB39 Old RevisionGUID= New RevisionGUID=5919DCB2-6C32-4D73-A0F5-E31FD5A5471D
Change Managed Component Library Link : Designator=R8_OnOff2 Old VaultGUID= New VaultGUID=B7D15EC3-160A-466F-A46C-7801FE6295A7 Old ItemGUID= New ItemGUID=D6FF6A2E-237B-4D32-86D1-1B9665B5CB39 Old RevisionGUID= New RevisionGUID=5919DCB2-6C32-4D73-A0F5-E31FD5A5471D
Change Managed Component Library Link : Designator=R8_OnOff3 Old VaultGUID= New VaultGUID=B7D15EC3-160A-466F-A46C-7801FE6295A7 Old ItemGUID= New ItemGUID=D6FF6A2E-237B-4D32-86D1-1B9665B5CB39 Old RevisionGUID= New RevisionGUID=5919DCB2-6C32-4D73-A0F5-E31FD5A5471D
Change Managed Component Library Link : Designator=R8_OnOff4 Old VaultGUID= New VaultGUID=B7D15EC3-160A-466F-A46C-7801FE6295A7 Old ItemGUID= New ItemGUID=D6FF6A2E-237B-4D32-86D1-1B9665B5CB39 Old RevisionGUID= New RevisionGUID=5919DCB2-6C32-4D73-A0F5-E31FD5A5471D
Change Managed Component Library Link : Designator=R8_OnOff5 Old VaultGUID= New VaultGUID=B7D15EC3-160A-466F-A46C-7801FE6295A7 Old ItemGUID= New ItemGUID=D6FF6A2E-237B-4D32-86D1-1B9665B5CB39 Old RevisionGUID= New RevisionGUID=5919DCB2-6C32-4D73-A0F5-E31FD5A5471D
Change Managed Component Library Link : Designator=R8_OnOff6 Old VaultGUID= New VaultGUID=B7D15EC3-160A-466F-A46C-7801FE6295A7 Old ItemGUID= New ItemGUID=D6FF6A2E-237B-4D32-86D1-1B9665B5CB39 Old RevisionGUID= New RevisionGUID=5919DCB2-6C32-4D73-A0F5-E31FD5A5471D
Change Managed Component Library Link : Designator=R8_OnOff7 Old VaultGUID= New VaultGUID=B7D15EC3-160A-466F-A46C-7801FE6295A7 Old ItemGUID= New ItemGUID=D6FF6A2E-237B-4D32-86D1-1B9665B5CB39 Old RevisionGUID= New RevisionGUID=5919DCB2-6C32-4D73-A0F5-E31FD5A5471D
Change Managed Component Library Link : Designator=R8_OnOff8 Old VaultGUID= New VaultGUID=B7D15EC3-160A-466F-A46C-7801FE6295A7 Old ItemGUID= New ItemGUID=D6FF6A2E-237B-4D32-86D1-1B9665B5CB39 Old RevisionGUID= New RevisionGUID=5919DCB2-6C32-4D73-A0F5-E31FD5A5471D
Change Managed Component Library Link : Designator=R8_OnOff9 Old VaultGUID= New VaultGUID=B7D15EC3-160A-466F-A46C-7801FE6295A7 Old ItemGUID= New ItemGUID=D6FF6A2E-237B-4D32-86D1-1B9665B5CB39 Old RevisionGUID= New RevisionGUID=5919DCB2-6C32-4D73-A0F5-E31FD5A5471D
Change Managed Component Library Link : Designator=R8_OnOff10 Old VaultGUID= New VaultGUID=B7D15EC3-160A-466F-A46C-7801FE6295A7 Old ItemGUID= New ItemGUID=D6FF6A2E-237B-4D32-86D1-1B9665B5CB39 Old RevisionGUID= New RevisionGUID=5919DCB2-6C32-4D73-A0F5-E31FD5A5471D
Change Managed Component Library Link : Designator=R8_OnOff11 Old VaultGUID= New VaultGUID=B7D15EC3-160A-466F-A46C-7801FE6295A7 Old ItemGUID= New ItemGUID=D6FF6A2E-237B-4D32-86D1-1B9665B5CB39 Old RevisionGUID= New RevisionGUID=5919DCB2-6C32-4D73-A0F5-E31FD5A5471D
Change Managed Component Library Link : Designator=R8_OnOff12 Old VaultGUID= New VaultGUID=B7D15EC3-160A-466F-A46C-7801FE6295A7 Old ItemGUID= New ItemGUID=D6FF6A2E-237B-4D32-86D1-1B9665B5CB39 Old RevisionGUID= New RevisionGUID=5919DCB2-6C32-4D73-A0F5-E31FD5A5471D
Change Managed Component Library Link : Designator=R8_OnOff13 Old VaultGUID= New VaultGUID=B7D15EC3-160A-466F-A46C-7801FE6295A7 Old ItemGUID= New ItemGUID=D6FF6A2E-237B-4D32-86D1-1B9665B5CB39 Old RevisionGUID= New RevisionGUID=5919DCB2-6C32-4D73-A0F5-E31FD5A5471D
Change Managed Component Library Link : Designator=R8_OnOff14 Old VaultGUID= New VaultGUID=B7D15EC3-160A-466F-A46C-7801FE6295A7 Old ItemGUID= New ItemGUID=D6FF6A2E-237B-4D32-86D1-1B9665B5CB39 Old RevisionGUID= New RevisionGUID=5919DCB2-6C32-4D73-A0F5-E31FD5A5471D
Change Managed Component Library Link : Designator=R8_OnOff15 Old VaultGUID= New VaultGUID=B7D15EC3-160A-466F-A46C-7801FE6295A7 Old ItemGUID= New ItemGUID=D6FF6A2E-237B-4D32-86D1-1B9665B5CB39 Old RevisionGUID= New RevisionGUID=5919DCB2-6C32-4D73-A0F5-E31FD5A5471D
Change Managed Component Library Link : Designator=R8_OnOff16 Old VaultGUID= New VaultGUID=B7D15EC3-160A-466F-A46C-7801FE6295A7 Old ItemGUID= New ItemGUID=D6FF6A2E-237B-4D32-86D1-1B9665B5CB39 Old RevisionGUID= New RevisionGUID=5919DCB2-6C32-4D73-A0F5-E31FD5A5471D
Change Managed Component Library Link : Designator=R8_OnOff17 Old VaultGUID= New VaultGUID=B7D15EC3-160A-466F-A46C-7801FE6295A7 Old ItemGUID= New ItemGUID=D6FF6A2E-237B-4D32-86D1-1B9665B5CB39 Old RevisionGUID= New RevisionGUID=5919DCB2-6C32-4D73-A0F5-E31FD5A5471D
Change Managed Component Library Link : Designator=R8_OnOff18 Old VaultGUID= New VaultGUID=B7D15EC3-160A-466F-A46C-7801FE6295A7 Old ItemGUID= New ItemGUID=D6FF6A2E-237B-4D32-86D1-1B9665B5CB39 Old RevisionGUID= New RevisionGUID=5919DCB2-6C32-4D73-A0F5-E31FD5A5471D
Change Managed Component Library Link : Designator=R8_OnOff19 Old VaultGUID= New VaultGUID=B7D15EC3-160A-466F-A46C-7801FE6295A7 Old ItemGUID= New ItemGUID=D6FF6A2E-237B-4D32-86D1-1B9665B5CB39 Old RevisionGUID= New RevisionGUID=5919DCB2-6C32-4D73-A0F5-E31FD5A5471D
Change Managed Component Library Link : Designator=R8_OnOff20 Old VaultGUID= New VaultGUID=B7D15EC3-160A-466F-A46C-7801FE6295A7 Old ItemGUID= New ItemGUID=D6FF6A2E-237B-4D32-86D1-1B9665B5CB39 Old RevisionGUID= New RevisionGUID=5919DCB2-6C32-4D73-A0F5-E31FD5A5471D
Change Managed Component Library Link : Designator=R8_OnOff21 Old VaultGUID= New VaultGUID=B7D15EC3-160A-466F-A46C-7801FE6295A7 Old ItemGUID= New ItemGUID=D6FF6A2E-237B-4D32-86D1-1B9665B5CB39 Old RevisionGUID= New RevisionGUID=5919DCB2-6C32-4D73-A0F5-E31FD5A5471D
Change Managed Component Library Link : Designator=R8_OnOff22 Old VaultGUID= New VaultGUID=B7D15EC3-160A-466F-A46C-7801FE6295A7 Old ItemGUID= New ItemGUID=D6FF6A2E-237B-4D32-86D1-1B9665B5CB39 Old RevisionGUID= New RevisionGUID=5919DCB2-6C32-4D73-A0F5-E31FD5A5471D
Change Managed Component Library Link : Designator=R8_OnOff23 Old VaultGUID= New VaultGUID=B7D15EC3-160A-466F-A46C-7801FE6295A7 Old ItemGUID= New ItemGUID=D6FF6A2E-237B-4D32-86D1-1B9665B5CB39 Old RevisionGUID= New RevisionGUID=5919DCB2-6C32-4D73-A0F5-E31FD5A5471D
Change Managed Component Library Link : Designator=R8_OnOff24 Old VaultGUID= New VaultGUID=B7D15EC3-160A-466F-A46C-7801FE6295A7 Old ItemGUID= New ItemGUID=D6FF6A2E-237B-4D32-86D1-1B9665B5CB39 Old RevisionGUID= New RevisionGUID=5919DCB2-6C32-4D73-A0F5-E31FD5A5471D
Change Managed Component Library Link : Designator=R8_OnOff25 Old VaultGUID= New VaultGUID=B7D15EC3-160A-466F-A46C-7801FE6295A7 Old ItemGUID= New ItemGUID=D6FF6A2E-237B-4D32-86D1-1B9665B5CB39 Old RevisionGUID= New RevisionGUID=5919DCB2-6C32-4D73-A0F5-E31FD5A5471D
Change Managed Component Library Link : Designator=R8_OnOff26 Old VaultGUID= New VaultGUID=B7D15EC3-160A-466F-A46C-7801FE6295A7 Old ItemGUID= New ItemGUID=D6FF6A2E-237B-4D32-86D1-1B9665B5CB39 Old RevisionGUID= New RevisionGUID=5919DCB2-6C32-4D73-A0F5-E31FD5A5471D
Change Managed Component Library Link : Designator=R9_OnOff1 Old VaultGUID= New VaultGUID=B7D15EC3-160A-466F-A46C-7801FE6295A7 Old ItemGUID= New ItemGUID=B3149CB2-93B5-45E7-AE49-7A2C651E870B Old RevisionGUID= New RevisionGUID=9B0B6674-E9CA-4D58-AF6E-15A311C59A9D
Change Managed Component Library Link : Designator=R9_OnOff2 Old VaultGUID= New VaultGUID=B7D15EC3-160A-466F-A46C-7801FE6295A7 Old ItemGUID= New ItemGUID=B3149CB2-93B5-45E7-AE49-7A2C651E870B Old RevisionGUID= New RevisionGUID=9B0B6674-E9CA-4D58-AF6E-15A311C59A9D
Change Managed Component Library Link : Designator=R9_OnOff3 Old VaultGUID= New VaultGUID=B7D15EC3-160A-466F-A46C-7801FE6295A7 Old ItemGUID= New ItemGUID=B3149CB2-93B5-45E7-AE49-7A2C651E870B Old RevisionGUID= New RevisionGUID=9B0B6674-E9CA-4D58-AF6E-15A311C59A9D
Change Managed Component Library Link : Designator=R9_OnOff4 Old VaultGUID= New VaultGUID=B7D15EC3-160A-466F-A46C-7801FE6295A7 Old ItemGUID= New ItemGUID=B3149CB2-93B5-45E7-AE49-7A2C651E870B Old RevisionGUID= New RevisionGUID=9B0B6674-E9CA-4D58-AF6E-15A311C59A9D
Change Managed Component Library Link : Designator=R9_OnOff5 Old VaultGUID= New VaultGUID=B7D15EC3-160A-466F-A46C-7801FE6295A7 Old ItemGUID= New ItemGUID=B3149CB2-93B5-45E7-AE49-7A2C651E870B Old RevisionGUID= New RevisionGUID=9B0B6674-E9CA-4D58-AF6E-15A311C59A9D
Change Managed Component Library Link : Designator=R9_OnOff6 Old VaultGUID= New VaultGUID=B7D15EC3-160A-466F-A46C-7801FE6295A7 Old ItemGUID= New ItemGUID=B3149CB2-93B5-45E7-AE49-7A2C651E870B Old RevisionGUID= New RevisionGUID=9B0B6674-E9CA-4D58-AF6E-15A311C59A9D
Change Managed Component Library Link : Designator=R9_OnOff7 Old VaultGUID= New VaultGUID=B7D15EC3-160A-466F-A46C-7801FE6295A7 Old ItemGUID= New ItemGUID=B3149CB2-93B5-45E7-AE49-7A2C651E870B Old RevisionGUID= New RevisionGUID=9B0B6674-E9CA-4D58-AF6E-15A311C59A9D
Change Managed Component Library Link : Designator=R9_OnOff8 Old VaultGUID= New VaultGUID=B7D15EC3-160A-466F-A46C-7801FE6295A7 Old ItemGUID= New ItemGUID=B3149CB2-93B5-45E7-AE49-7A2C651E870B Old RevisionGUID= New RevisionGUID=9B0B6674-E9CA-4D58-AF6E-15A311C59A9D
Change Managed Component Library Link : Designator=R9_OnOff9 Old VaultGUID= New VaultGUID=B7D15EC3-160A-466F-A46C-7801FE6295A7 Old ItemGUID= New ItemGUID=B3149CB2-93B5-45E7-AE49-7A2C651E870B Old RevisionGUID= New RevisionGUID=9B0B6674-E9CA-4D58-AF6E-15A311C59A9D
Change Managed Component Library Link : Designator=R9_OnOff10 Old VaultGUID= New VaultGUID=B7D15EC3-160A-466F-A46C-7801FE6295A7 Old ItemGUID= New ItemGUID=B3149CB2-93B5-45E7-AE49-7A2C651E870B Old RevisionGUID= New RevisionGUID=9B0B6674-E9CA-4D58-AF6E-15A311C59A9D
Change Managed Component Library Link : Designator=R9_OnOff11 Old VaultGUID= New VaultGUID=B7D15EC3-160A-466F-A46C-7801FE6295A7 Old ItemGUID= New ItemGUID=B3149CB2-93B5-45E7-AE49-7A2C651E870B Old RevisionGUID= New RevisionGUID=9B0B6674-E9CA-4D58-AF6E-15A311C59A9D
Change Managed Component Library Link : Designator=R9_OnOff12 Old VaultGUID= New VaultGUID=B7D15EC3-160A-466F-A46C-7801FE6295A7 Old ItemGUID= New ItemGUID=B3149CB2-93B5-45E7-AE49-7A2C651E870B Old RevisionGUID= New RevisionGUID=9B0B6674-E9CA-4D58-AF6E-15A311C59A9D
Change Managed Component Library Link : Designator=R9_OnOff13 Old VaultGUID= New VaultGUID=B7D15EC3-160A-466F-A46C-7801FE6295A7 Old ItemGUID= New ItemGUID=B3149CB2-93B5-45E7-AE49-7A2C651E870B Old RevisionGUID= New RevisionGUID=9B0B6674-E9CA-4D58-AF6E-15A311C59A9D
Change Managed Component Library Link : Designator=R9_OnOff14 Old VaultGUID= New VaultGUID=B7D15EC3-160A-466F-A46C-7801FE6295A7 Old ItemGUID= New ItemGUID=B3149CB2-93B5-45E7-AE49-7A2C651E870B Old RevisionGUID= New RevisionGUID=9B0B6674-E9CA-4D58-AF6E-15A311C59A9D
Change Managed Component Library Link : Designator=R9_OnOff15 Old VaultGUID= New VaultGUID=B7D15EC3-160A-466F-A46C-7801FE6295A7 Old ItemGUID= New ItemGUID=B3149CB2-93B5-45E7-AE49-7A2C651E870B Old RevisionGUID= New RevisionGUID=9B0B6674-E9CA-4D58-AF6E-15A311C59A9D
Change Managed Component Library Link : Designator=R9_OnOff16 Old VaultGUID= New VaultGUID=B7D15EC3-160A-466F-A46C-7801FE6295A7 Old ItemGUID= New ItemGUID=B3149CB2-93B5-45E7-AE49-7A2C651E870B Old RevisionGUID= New RevisionGUID=9B0B6674-E9CA-4D58-AF6E-15A311C59A9D
Change Managed Component Library Link : Designator=R9_OnOff17 Old VaultGUID= New VaultGUID=B7D15EC3-160A-466F-A46C-7801FE6295A7 Old ItemGUID= New ItemGUID=B3149CB2-93B5-45E7-AE49-7A2C651E870B Old RevisionGUID= New RevisionGUID=9B0B6674-E9CA-4D58-AF6E-15A311C59A9D
Change Managed Component Library Link : Designator=R9_OnOff18 Old VaultGUID= New VaultGUID=B7D15EC3-160A-466F-A46C-7801FE6295A7 Old ItemGUID= New ItemGUID=B3149CB2-93B5-45E7-AE49-7A2C651E870B Old RevisionGUID= New RevisionGUID=9B0B6674-E9CA-4D58-AF6E-15A311C59A9D
Change Managed Component Library Link : Designator=R9_OnOff19 Old VaultGUID= New VaultGUID=B7D15EC3-160A-466F-A46C-7801FE6295A7 Old ItemGUID= New ItemGUID=B3149CB2-93B5-45E7-AE49-7A2C651E870B Old RevisionGUID= New RevisionGUID=9B0B6674-E9CA-4D58-AF6E-15A311C59A9D
Change Managed Component Library Link : Designator=R9_OnOff20 Old VaultGUID= New VaultGUID=B7D15EC3-160A-466F-A46C-7801FE6295A7 Old ItemGUID= New ItemGUID=B3149CB2-93B5-45E7-AE49-7A2C651E870B Old RevisionGUID= New RevisionGUID=9B0B6674-E9CA-4D58-AF6E-15A311C59A9D
Change Managed Component Library Link : Designator=R9_OnOff21 Old VaultGUID= New VaultGUID=B7D15EC3-160A-466F-A46C-7801FE6295A7 Old ItemGUID= New ItemGUID=B3149CB2-93B5-45E7-AE49-7A2C651E870B Old RevisionGUID= New RevisionGUID=9B0B6674-E9CA-4D58-AF6E-15A311C59A9D
Change Managed Component Library Link : Designator=R9_OnOff22 Old VaultGUID= New VaultGUID=B7D15EC3-160A-466F-A46C-7801FE6295A7 Old ItemGUID= New ItemGUID=B3149CB2-93B5-45E7-AE49-7A2C651E870B Old RevisionGUID= New RevisionGUID=9B0B6674-E9CA-4D58-AF6E-15A311C59A9D
Change Managed Component Library Link : Designator=R9_OnOff23 Old VaultGUID= New VaultGUID=B7D15EC3-160A-466F-A46C-7801FE6295A7 Old ItemGUID= New ItemGUID=B3149CB2-93B5-45E7-AE49-7A2C651E870B Old RevisionGUID= New RevisionGUID=9B0B6674-E9CA-4D58-AF6E-15A311C59A9D
Change Managed Component Library Link : Designator=R9_OnOff24 Old VaultGUID= New VaultGUID=B7D15EC3-160A-466F-A46C-7801FE6295A7 Old ItemGUID= New ItemGUID=B3149CB2-93B5-45E7-AE49-7A2C651E870B Old RevisionGUID= New RevisionGUID=9B0B6674-E9CA-4D58-AF6E-15A311C59A9D
Change Managed Component Library Link : Designator=R9_OnOff25 Old VaultGUID= New VaultGUID=B7D15EC3-160A-466F-A46C-7801FE6295A7 Old ItemGUID= New ItemGUID=B3149CB2-93B5-45E7-AE49-7A2C651E870B Old RevisionGUID= New RevisionGUID=9B0B6674-E9CA-4D58-AF6E-15A311C59A9D
Change Managed Component Library Link : Designator=R9_OnOff26 Old VaultGUID= New VaultGUID=B7D15EC3-160A-466F-A46C-7801FE6295A7 Old ItemGUID= New ItemGUID=B3149CB2-93B5-45E7-AE49-7A2C651E870B Old RevisionGUID= New RevisionGUID=9B0B6674-E9CA-4D58-AF6E-15A311C59A9D
Change Managed Component Library Link : Designator=R10_OnOff1 Old VaultGUID= New VaultGUID=B7D15EC3-160A-466F-A46C-7801FE6295A7 Old ItemGUID= New ItemGUID=A318F8BC-347B-4AFD-97FD-A3D946B0A87B Old RevisionGUID= New RevisionGUID=39FA7B6F-A761-40EB-A783-66F5E8289732
Change Managed Component Library Link : Designator=R10_OnOff2 Old VaultGUID= New VaultGUID=B7D15EC3-160A-466F-A46C-7801FE6295A7 Old ItemGUID= New ItemGUID=A318F8BC-347B-4AFD-97FD-A3D946B0A87B Old RevisionGUID= New RevisionGUID=39FA7B6F-A761-40EB-A783-66F5E8289732
Change Managed Component Library Link : Designator=R10_OnOff3 Old VaultGUID= New VaultGUID=B7D15EC3-160A-466F-A46C-7801FE6295A7 Old ItemGUID= New ItemGUID=A318F8BC-347B-4AFD-97FD-A3D946B0A87B Old RevisionGUID= New RevisionGUID=39FA7B6F-A761-40EB-A783-66F5E8289732
Change Managed Component Library Link : Designator=R10_OnOff4 Old VaultGUID= New VaultGUID=B7D15EC3-160A-466F-A46C-7801FE6295A7 Old ItemGUID= New ItemGUID=A318F8BC-347B-4AFD-97FD-A3D946B0A87B Old RevisionGUID= New RevisionGUID=39FA7B6F-A761-40EB-A783-66F5E8289732
Change Managed Component Library Link : Designator=R10_OnOff5 Old VaultGUID= New VaultGUID=B7D15EC3-160A-466F-A46C-7801FE6295A7 Old ItemGUID= New ItemGUID=A318F8BC-347B-4AFD-97FD-A3D946B0A87B Old RevisionGUID= New RevisionGUID=39FA7B6F-A761-40EB-A783-66F5E8289732
Change Managed Component Library Link : Designator=R10_OnOff6 Old VaultGUID= New VaultGUID=B7D15EC3-160A-466F-A46C-7801FE6295A7 Old ItemGUID= New ItemGUID=A318F8BC-347B-4AFD-97FD-A3D946B0A87B Old RevisionGUID= New RevisionGUID=39FA7B6F-A761-40EB-A783-66F5E8289732
Change Managed Component Library Link : Designator=R10_OnOff7 Old VaultGUID= New VaultGUID=B7D15EC3-160A-466F-A46C-7801FE6295A7 Old ItemGUID= New ItemGUID=A318F8BC-347B-4AFD-97FD-A3D946B0A87B Old RevisionGUID= New RevisionGUID=39FA7B6F-A761-40EB-A783-66F5E8289732
Change Managed Component Library Link : Designator=R10_OnOff8 Old VaultGUID= New VaultGUID=B7D15EC3-160A-466F-A46C-7801FE6295A7 Old ItemGUID= New ItemGUID=A318F8BC-347B-4AFD-97FD-A3D946B0A87B Old RevisionGUID= New RevisionGUID=39FA7B6F-A761-40EB-A783-66F5E8289732
Change Managed Component Library Link : Designator=R10_OnOff9 Old VaultGUID= New VaultGUID=B7D15EC3-160A-466F-A46C-7801FE6295A7 Old ItemGUID= New ItemGUID=A318F8BC-347B-4AFD-97FD-A3D946B0A87B Old RevisionGUID= New RevisionGUID=39FA7B6F-A761-40EB-A783-66F5E8289732
Change Managed Component Library Link : Designator=R10_OnOff10 Old VaultGUID= New VaultGUID=B7D15EC3-160A-466F-A46C-7801FE6295A7 Old ItemGUID= New ItemGUID=A318F8BC-347B-4AFD-97FD-A3D946B0A87B Old RevisionGUID= New RevisionGUID=39FA7B6F-A761-40EB-A783-66F5E8289732
Change Managed Component Library Link : Designator=R10_OnOff11 Old VaultGUID= New VaultGUID=B7D15EC3-160A-466F-A46C-7801FE6295A7 Old ItemGUID= New ItemGUID=A318F8BC-347B-4AFD-97FD-A3D946B0A87B Old RevisionGUID= New RevisionGUID=39FA7B6F-A761-40EB-A783-66F5E8289732
Change Managed Component Library Link : Designator=R10_OnOff12 Old VaultGUID= New VaultGUID=B7D15EC3-160A-466F-A46C-7801FE6295A7 Old ItemGUID= New ItemGUID=A318F8BC-347B-4AFD-97FD-A3D946B0A87B Old RevisionGUID= New RevisionGUID=39FA7B6F-A761-40EB-A783-66F5E8289732
Change Managed Component Library Link : Designator=R10_OnOff13 Old VaultGUID= New VaultGUID=B7D15EC3-160A-466F-A46C-7801FE6295A7 Old ItemGUID= New ItemGUID=A318F8BC-347B-4AFD-97FD-A3D946B0A87B Old RevisionGUID= New RevisionGUID=39FA7B6F-A761-40EB-A783-66F5E8289732
Change Managed Component Library Link : Designator=R10_OnOff14 Old VaultGUID= New VaultGUID=B7D15EC3-160A-466F-A46C-7801FE6295A7 Old ItemGUID= New ItemGUID=A318F8BC-347B-4AFD-97FD-A3D946B0A87B Old RevisionGUID= New RevisionGUID=39FA7B6F-A761-40EB-A783-66F5E8289732
Change Managed Component Library Link : Designator=R10_OnOff15 Old VaultGUID= New VaultGUID=B7D15EC3-160A-466F-A46C-7801FE6295A7 Old ItemGUID= New ItemGUID=A318F8BC-347B-4AFD-97FD-A3D946B0A87B Old RevisionGUID= New RevisionGUID=39FA7B6F-A761-40EB-A783-66F5E8289732
Change Managed Component Library Link : Designator=R10_OnOff16 Old VaultGUID= New VaultGUID=B7D15EC3-160A-466F-A46C-7801FE6295A7 Old ItemGUID= New ItemGUID=A318F8BC-347B-4AFD-97FD-A3D946B0A87B Old RevisionGUID= New RevisionGUID=39FA7B6F-A761-40EB-A783-66F5E8289732
Change Managed Component Library Link : Designator=R10_OnOff17 Old VaultGUID= New VaultGUID=B7D15EC3-160A-466F-A46C-7801FE6295A7 Old ItemGUID= New ItemGUID=A318F8BC-347B-4AFD-97FD-A3D946B0A87B Old RevisionGUID= New RevisionGUID=39FA7B6F-A761-40EB-A783-66F5E8289732
Change Managed Component Library Link : Designator=R10_OnOff18 Old VaultGUID= New VaultGUID=B7D15EC3-160A-466F-A46C-7801FE6295A7 Old ItemGUID= New ItemGUID=A318F8BC-347B-4AFD-97FD-A3D946B0A87B Old RevisionGUID= New RevisionGUID=39FA7B6F-A761-40EB-A783-66F5E8289732
Change Managed Component Library Link : Designator=R10_OnOff19 Old VaultGUID= New VaultGUID=B7D15EC3-160A-466F-A46C-7801FE6295A7 Old ItemGUID= New ItemGUID=A318F8BC-347B-4AFD-97FD-A3D946B0A87B Old RevisionGUID= New RevisionGUID=39FA7B6F-A761-40EB-A783-66F5E8289732
Change Managed Component Library Link : Designator=R10_OnOff20 Old VaultGUID= New VaultGUID=B7D15EC3-160A-466F-A46C-7801FE6295A7 Old ItemGUID= New ItemGUID=A318F8BC-347B-4AFD-97FD-A3D946B0A87B Old RevisionGUID= New RevisionGUID=39FA7B6F-A761-40EB-A783-66F5E8289732
Change Managed Component Library Link : Designator=R10_OnOff21 Old VaultGUID= New VaultGUID=B7D15EC3-160A-466F-A46C-7801FE6295A7 Old ItemGUID= New ItemGUID=A318F8BC-347B-4AFD-97FD-A3D946B0A87B Old RevisionGUID= New RevisionGUID=39FA7B6F-A761-40EB-A783-66F5E8289732
Change Managed Component Library Link : Designator=R10_OnOff22 Old VaultGUID= New VaultGUID=B7D15EC3-160A-466F-A46C-7801FE6295A7 Old ItemGUID= New ItemGUID=A318F8BC-347B-4AFD-97FD-A3D946B0A87B Old RevisionGUID= New RevisionGUID=39FA7B6F-A761-40EB-A783-66F5E8289732
Change Managed Component Library Link : Designator=R10_OnOff23 Old VaultGUID= New VaultGUID=B7D15EC3-160A-466F-A46C-7801FE6295A7 Old ItemGUID= New ItemGUID=A318F8BC-347B-4AFD-97FD-A3D946B0A87B Old RevisionGUID= New RevisionGUID=39FA7B6F-A761-40EB-A783-66F5E8289732
Change Managed Component Library Link : Designator=R10_OnOff24 Old VaultGUID= New VaultGUID=B7D15EC3-160A-466F-A46C-7801FE6295A7 Old ItemGUID= New ItemGUID=A318F8BC-347B-4AFD-97FD-A3D946B0A87B Old RevisionGUID= New RevisionGUID=39FA7B6F-A761-40EB-A783-66F5E8289732
Change Managed Component Library Link : Designator=R10_OnOff25 Old VaultGUID= New VaultGUID=B7D15EC3-160A-466F-A46C-7801FE6295A7 Old ItemGUID= New ItemGUID=A318F8BC-347B-4AFD-97FD-A3D946B0A87B Old RevisionGUID= New RevisionGUID=39FA7B6F-A761-40EB-A783-66F5E8289732
Change Managed Component Library Link : Designator=R10_OnOff26 Old VaultGUID= New VaultGUID=B7D15EC3-160A-466F-A46C-7801FE6295A7 Old ItemGUID= New ItemGUID=A318F8BC-347B-4AFD-97FD-A3D946B0A87B Old RevisionGUID= New RevisionGUID=39FA7B6F-A761-40EB-A783-66F5E8289732
Change Managed Component Library Link : Designator=R14_Sens1 Old VaultGUID= New VaultGUID=B7D15EC3-160A-466F-A46C-7801FE6295A7 Old ItemGUID= New ItemGUID=CF19F69C-79C3-4FC7-A522-616328422C27 Old RevisionGUID= New RevisionGUID=843DEB3D-67E7-4630-A353-790DD8ED76F0
Change Managed Component Library Link : Designator=R14_Sens2 Old VaultGUID= New VaultGUID=B7D15EC3-160A-466F-A46C-7801FE6295A7 Old ItemGUID= New ItemGUID=CF19F69C-79C3-4FC7-A522-616328422C27 Old RevisionGUID= New RevisionGUID=843DEB3D-67E7-4630-A353-790DD8ED76F0
Change Managed Component Library Link : Designator=R14_Sens3 Old VaultGUID= New VaultGUID=B7D15EC3-160A-466F-A46C-7801FE6295A7 Old ItemGUID= New ItemGUID=CF19F69C-79C3-4FC7-A522-616328422C27 Old RevisionGUID= New RevisionGUID=843DEB3D-67E7-4630-A353-790DD8ED76F0
Change Managed Component Library Link : Designator=R14_Sens4 Old VaultGUID= New VaultGUID=B7D15EC3-160A-466F-A46C-7801FE6295A7 Old ItemGUID= New ItemGUID=CF19F69C-79C3-4FC7-A522-616328422C27 Old RevisionGUID= New RevisionGUID=843DEB3D-67E7-4630-A353-790DD8ED76F0
Change Managed Component Library Link : Designator=R14_Sens5 Old VaultGUID= New VaultGUID=B7D15EC3-160A-466F-A46C-7801FE6295A7 Old ItemGUID= New ItemGUID=CF19F69C-79C3-4FC7-A522-616328422C27 Old RevisionGUID= New RevisionGUID=843DEB3D-67E7-4630-A353-790DD8ED76F0
Change Managed Component Library Link : Designator=R14_Sens6 Old VaultGUID= New VaultGUID=B7D15EC3-160A-466F-A46C-7801FE6295A7 Old ItemGUID= New ItemGUID=CF19F69C-79C3-4FC7-A522-616328422C27 Old RevisionGUID= New RevisionGUID=843DEB3D-67E7-4630-A353-790DD8ED76F0
Change Managed Component Library Link : Designator=R14_Sens7 Old VaultGUID= New VaultGUID=B7D15EC3-160A-466F-A46C-7801FE6295A7 Old ItemGUID= New ItemGUID=CF19F69C-79C3-4FC7-A522-616328422C27 Old RevisionGUID= New RevisionGUID=843DEB3D-67E7-4630-A353-790DD8ED76F0
Change Managed Component Library Link : Designator=R14_Sens8 Old VaultGUID= New VaultGUID=B7D15EC3-160A-466F-A46C-7801FE6295A7 Old ItemGUID= New ItemGUID=CF19F69C-79C3-4FC7-A522-616328422C27 Old RevisionGUID= New RevisionGUID=843DEB3D-67E7-4630-A353-790DD8ED76F0
Change Managed Component Library Link : Designator=R15_Prop1 Old VaultGUID= New VaultGUID=B7D15EC3-160A-466F-A46C-7801FE6295A7 Old ItemGUID= New ItemGUID=B3149CB2-93B5-45E7-AE49-7A2C651E870B Old RevisionGUID= New RevisionGUID=9B0B6674-E9CA-4D58-AF6E-15A311C59A9D
Change Managed Component Library Link : Designator=R15_Prop2 Old VaultGUID= New VaultGUID=B7D15EC3-160A-466F-A46C-7801FE6295A7 Old ItemGUID= New ItemGUID=B3149CB2-93B5-45E7-AE49-7A2C651E870B Old RevisionGUID= New RevisionGUID=9B0B6674-E9CA-4D58-AF6E-15A311C59A9D
Change Managed Component Library Link : Designator=R15_Prop3 Old VaultGUID= New VaultGUID=B7D15EC3-160A-466F-A46C-7801FE6295A7 Old ItemGUID= New ItemGUID=B3149CB2-93B5-45E7-AE49-7A2C651E870B Old RevisionGUID= New RevisionGUID=9B0B6674-E9CA-4D58-AF6E-15A311C59A9D
Change Managed Component Library Link : Designator=R15_Prop4 Old VaultGUID= New VaultGUID=B7D15EC3-160A-466F-A46C-7801FE6295A7 Old ItemGUID= New ItemGUID=B3149CB2-93B5-45E7-AE49-7A2C651E870B Old RevisionGUID= New RevisionGUID=9B0B6674-E9CA-4D58-AF6E-15A311C59A9D
Change Managed Component Library Link : Designator=R15_Prop5 Old VaultGUID= New VaultGUID=B7D15EC3-160A-466F-A46C-7801FE6295A7 Old ItemGUID= New ItemGUID=B3149CB2-93B5-45E7-AE49-7A2C651E870B Old RevisionGUID= New RevisionGUID=9B0B6674-E9CA-4D58-AF6E-15A311C59A9D
Change Managed Component Library Link : Designator=R16_Prop1 Old VaultGUID= New VaultGUID=B7D15EC3-160A-466F-A46C-7801FE6295A7 Old ItemGUID= New ItemGUID=D6FF6A2E-237B-4D32-86D1-1B9665B5CB39 Old RevisionGUID= New RevisionGUID=5919DCB2-6C32-4D73-A0F5-E31FD5A5471D
Change Managed Component Library Link : Designator=R16_Prop2 Old VaultGUID= New VaultGUID=B7D15EC3-160A-466F-A46C-7801FE6295A7 Old ItemGUID= New ItemGUID=D6FF6A2E-237B-4D32-86D1-1B9665B5CB39 Old RevisionGUID= New RevisionGUID=5919DCB2-6C32-4D73-A0F5-E31FD5A5471D
Change Managed Component Library Link : Designator=R16_Prop3 Old VaultGUID= New VaultGUID=B7D15EC3-160A-466F-A46C-7801FE6295A7 Old ItemGUID= New ItemGUID=D6FF6A2E-237B-4D32-86D1-1B9665B5CB39 Old RevisionGUID= New RevisionGUID=5919DCB2-6C32-4D73-A0F5-E31FD5A5471D
Change Managed Component Library Link : Designator=R16_Prop4 Old VaultGUID= New VaultGUID=B7D15EC3-160A-466F-A46C-7801FE6295A7 Old ItemGUID= New ItemGUID=D6FF6A2E-237B-4D32-86D1-1B9665B5CB39 Old RevisionGUID= New RevisionGUID=5919DCB2-6C32-4D73-A0F5-E31FD5A5471D
Change Managed Component Library Link : Designator=R16_Prop5 Old VaultGUID= New VaultGUID=B7D15EC3-160A-466F-A46C-7801FE6295A7 Old ItemGUID= New ItemGUID=D6FF6A2E-237B-4D32-86D1-1B9665B5CB39 Old RevisionGUID= New RevisionGUID=5919DCB2-6C32-4D73-A0F5-E31FD5A5471D
Change Managed Component Library Link : Designator=R17_Prop1 Old VaultGUID= New VaultGUID=B7D15EC3-160A-466F-A46C-7801FE6295A7 Old ItemGUID= New ItemGUID=049FFEF2-119A-4E11-A41E-020E9D2ABB13 Old RevisionGUID= New RevisionGUID=1638AEE5-B534-4F94-A998-88D2102650C9
Change Managed Component Library Link : Designator=R17_Prop2 Old VaultGUID= New VaultGUID=B7D15EC3-160A-466F-A46C-7801FE6295A7 Old ItemGUID= New ItemGUID=049FFEF2-119A-4E11-A41E-020E9D2ABB13 Old RevisionGUID= New RevisionGUID=1638AEE5-B534-4F94-A998-88D2102650C9
Change Managed Component Library Link : Designator=R17_Prop3 Old VaultGUID= New VaultGUID=B7D15EC3-160A-466F-A46C-7801FE6295A7 Old ItemGUID= New ItemGUID=049FFEF2-119A-4E11-A41E-020E9D2ABB13 Old RevisionGUID= New RevisionGUID=1638AEE5-B534-4F94-A998-88D2102650C9
Change Managed Component Library Link : Designator=R17_Prop4 Old VaultGUID= New VaultGUID=B7D15EC3-160A-466F-A46C-7801FE6295A7 Old ItemGUID= New ItemGUID=049FFEF2-119A-4E11-A41E-020E9D2ABB13 Old RevisionGUID= New RevisionGUID=1638AEE5-B534-4F94-A998-88D2102650C9
Change Managed Component Library Link : Designator=R17_Prop5 Old VaultGUID= New VaultGUID=B7D15EC3-160A-466F-A46C-7801FE6295A7 Old ItemGUID= New ItemGUID=049FFEF2-119A-4E11-A41E-020E9D2ABB13 Old RevisionGUID= New RevisionGUID=1638AEE5-B534-4F94-A998-88D2102650C9
Change Managed Component Library Link : Designator=U3 Old VaultGUID= New VaultGUID=B7D15EC3-160A-466F-A46C-7801FE6295A7 Old ItemGUID= New ItemGUID=BCFAC354-3B90-4593-9BB5-F7E75A56EDAF Old RevisionGUID= New RevisionGUID=A7845577-6340-4E74-9B9D-4C0E67B07710
