Change Managed Component Library Link : Designator=D4_OnOff1 Old VaultGUID=B7D15EC3-160A-466F-A46C-7801FE6295A7 New VaultGUID=B7D15EC3-160A-466F-A46C-7801FE6295A7 Old ItemGUID=78DB6818-8332-478B-B84A-FE0DE8B51709 New ItemGUID=263C58D6-E11B-4035-9856-8F8CB6BCCFF3 Old RevisionGUID=2F36A327-34DA-4500-9DF0-40366BAF2BF6 New RevisionGUID=1066E254-2BA5-4FBE-B121-3804984C9A07
Change Managed Component Library Link : Designator=D4_OnOff2 Old VaultGUID=B7D15EC3-160A-466F-A46C-7801FE6295A7 New VaultGUID=B7D15EC3-160A-466F-A46C-7801FE6295A7 Old ItemGUID=78DB6818-8332-478B-B84A-FE0DE8B51709 New ItemGUID=263C58D6-E11B-4035-9856-8F8CB6BCCFF3 Old RevisionGUID=2F36A327-34DA-4500-9DF0-40366BAF2BF6 New RevisionGUID=1066E254-2BA5-4FBE-B121-3804984C9A07
Change Managed Component Library Link : Designator=D4_OnOff3 Old VaultGUID=B7D15EC3-160A-466F-A46C-7801FE6295A7 New VaultGUID=B7D15EC3-160A-466F-A46C-7801FE6295A7 Old ItemGUID=78DB6818-8332-478B-B84A-FE0DE8B51709 New ItemGUID=263C58D6-E11B-4035-9856-8F8CB6BCCFF3 Old RevisionGUID=2F36A327-34DA-4500-9DF0-40366BAF2BF6 New RevisionGUID=1066E254-2BA5-4FBE-B121-3804984C9A07
Change Managed Component Library Link : Designator=D4_OnOff4 Old VaultGUID=B7D15EC3-160A-466F-A46C-7801FE6295A7 New VaultGUID=B7D15EC3-160A-466F-A46C-7801FE6295A7 Old ItemGUID=78DB6818-8332-478B-B84A-FE0DE8B51709 New ItemGUID=263C58D6-E11B-4035-9856-8F8CB6BCCFF3 Old RevisionGUID=2F36A327-34DA-4500-9DF0-40366BAF2BF6 New RevisionGUID=1066E254-2BA5-4FBE-B121-3804984C9A07
Change Managed Component Library Link : Designator=D4_OnOff5 Old VaultGUID=B7D15EC3-160A-466F-A46C-7801FE6295A7 New VaultGUID=B7D15EC3-160A-466F-A46C-7801FE6295A7 Old ItemGUID=78DB6818-8332-478B-B84A-FE0DE8B51709 New ItemGUID=263C58D6-E11B-4035-9856-8F8CB6BCCFF3 Old RevisionGUID=2F36A327-34DA-4500-9DF0-40366BAF2BF6 New RevisionGUID=1066E254-2BA5-4FBE-B121-3804984C9A07
Change Managed Component Library Link : Designator=D4_OnOff6 Old VaultGUID=B7D15EC3-160A-466F-A46C-7801FE6295A7 New VaultGUID=B7D15EC3-160A-466F-A46C-7801FE6295A7 Old ItemGUID=78DB6818-8332-478B-B84A-FE0DE8B51709 New ItemGUID=263C58D6-E11B-4035-9856-8F8CB6BCCFF3 Old RevisionGUID=2F36A327-34DA-4500-9DF0-40366BAF2BF6 New RevisionGUID=1066E254-2BA5-4FBE-B121-3804984C9A07
Change Managed Component Library Link : Designator=D4_OnOff7 Old VaultGUID=B7D15EC3-160A-466F-A46C-7801FE6295A7 New VaultGUID=B7D15EC3-160A-466F-A46C-7801FE6295A7 Old ItemGUID=78DB6818-8332-478B-B84A-FE0DE8B51709 New ItemGUID=263C58D6-E11B-4035-9856-8F8CB6BCCFF3 Old RevisionGUID=2F36A327-34DA-4500-9DF0-40366BAF2BF6 New RevisionGUID=1066E254-2BA5-4FBE-B121-3804984C9A07
Change Managed Component Library Link : Designator=D4_OnOff8 Old VaultGUID=B7D15EC3-160A-466F-A46C-7801FE6295A7 New VaultGUID=B7D15EC3-160A-466F-A46C-7801FE6295A7 Old ItemGUID=78DB6818-8332-478B-B84A-FE0DE8B51709 New ItemGUID=263C58D6-E11B-4035-9856-8F8CB6BCCFF3 Old RevisionGUID=2F36A327-34DA-4500-9DF0-40366BAF2BF6 New RevisionGUID=1066E254-2BA5-4FBE-B121-3804984C9A07
Change Managed Component Library Link : Designator=D4_OnOff9 Old VaultGUID=B7D15EC3-160A-466F-A46C-7801FE6295A7 New VaultGUID=B7D15EC3-160A-466F-A46C-7801FE6295A7 Old ItemGUID=78DB6818-8332-478B-B84A-FE0DE8B51709 New ItemGUID=263C58D6-E11B-4035-9856-8F8CB6BCCFF3 Old RevisionGUID=2F36A327-34DA-4500-9DF0-40366BAF2BF6 New RevisionGUID=1066E254-2BA5-4FBE-B121-3804984C9A07
Change Managed Component Library Link : Designator=D4_OnOff10 Old VaultGUID=B7D15EC3-160A-466F-A46C-7801FE6295A7 New VaultGUID=B7D15EC3-160A-466F-A46C-7801FE6295A7 Old ItemGUID=78DB6818-8332-478B-B84A-FE0DE8B51709 New ItemGUID=263C58D6-E11B-4035-9856-8F8CB6BCCFF3 Old RevisionGUID=2F36A327-34DA-4500-9DF0-40366BAF2BF6 New RevisionGUID=1066E254-2BA5-4FBE-B121-3804984C9A07
Change Managed Component Library Link : Designator=D4_OnOff11 Old VaultGUID=B7D15EC3-160A-466F-A46C-7801FE6295A7 New VaultGUID=B7D15EC3-160A-466F-A46C-7801FE6295A7 Old ItemGUID=78DB6818-8332-478B-B84A-FE0DE8B51709 New ItemGUID=263C58D6-E11B-4035-9856-8F8CB6BCCFF3 Old RevisionGUID=2F36A327-34DA-4500-9DF0-40366BAF2BF6 New RevisionGUID=1066E254-2BA5-4FBE-B121-3804984C9A07
Change Managed Component Library Link : Designator=D4_OnOff12 Old VaultGUID=B7D15EC3-160A-466F-A46C-7801FE6295A7 New VaultGUID=B7D15EC3-160A-466F-A46C-7801FE6295A7 Old ItemGUID=78DB6818-8332-478B-B84A-FE0DE8B51709 New ItemGUID=263C58D6-E11B-4035-9856-8F8CB6BCCFF3 Old RevisionGUID=2F36A327-34DA-4500-9DF0-40366BAF2BF6 New RevisionGUID=1066E254-2BA5-4FBE-B121-3804984C9A07
Change Managed Component Library Link : Designator=D4_OnOff13 Old VaultGUID=B7D15EC3-160A-466F-A46C-7801FE6295A7 New VaultGUID=B7D15EC3-160A-466F-A46C-7801FE6295A7 Old ItemGUID=78DB6818-8332-478B-B84A-FE0DE8B51709 New ItemGUID=263C58D6-E11B-4035-9856-8F8CB6BCCFF3 Old RevisionGUID=2F36A327-34DA-4500-9DF0-40366BAF2BF6 New RevisionGUID=1066E254-2BA5-4FBE-B121-3804984C9A07
Change Managed Component Library Link : Designator=D4_OnOff14 Old VaultGUID=B7D15EC3-160A-466F-A46C-7801FE6295A7 New VaultGUID=B7D15EC3-160A-466F-A46C-7801FE6295A7 Old ItemGUID=78DB6818-8332-478B-B84A-FE0DE8B51709 New ItemGUID=263C58D6-E11B-4035-9856-8F8CB6BCCFF3 Old RevisionGUID=2F36A327-34DA-4500-9DF0-40366BAF2BF6 New RevisionGUID=1066E254-2BA5-4FBE-B121-3804984C9A07
Change Managed Component Library Link : Designator=D4_OnOff15 Old VaultGUID=B7D15EC3-160A-466F-A46C-7801FE6295A7 New VaultGUID=B7D15EC3-160A-466F-A46C-7801FE6295A7 Old ItemGUID=78DB6818-8332-478B-B84A-FE0DE8B51709 New ItemGUID=263C58D6-E11B-4035-9856-8F8CB6BCCFF3 Old RevisionGUID=2F36A327-34DA-4500-9DF0-40366BAF2BF6 New RevisionGUID=1066E254-2BA5-4FBE-B121-3804984C9A07
Change Managed Component Library Link : Designator=D4_OnOff16 Old VaultGUID=B7D15EC3-160A-466F-A46C-7801FE6295A7 New VaultGUID=B7D15EC3-160A-466F-A46C-7801FE6295A7 Old ItemGUID=78DB6818-8332-478B-B84A-FE0DE8B51709 New ItemGUID=263C58D6-E11B-4035-9856-8F8CB6BCCFF3 Old RevisionGUID=2F36A327-34DA-4500-9DF0-40366BAF2BF6 New RevisionGUID=1066E254-2BA5-4FBE-B121-3804984C9A07
Change Managed Component Library Link : Designator=D4_OnOff17 Old VaultGUID=B7D15EC3-160A-466F-A46C-7801FE6295A7 New VaultGUID=B7D15EC3-160A-466F-A46C-7801FE6295A7 Old ItemGUID=78DB6818-8332-478B-B84A-FE0DE8B51709 New ItemGUID=263C58D6-E11B-4035-9856-8F8CB6BCCFF3 Old RevisionGUID=2F36A327-34DA-4500-9DF0-40366BAF2BF6 New RevisionGUID=1066E254-2BA5-4FBE-B121-3804984C9A07
Change Managed Component Library Link : Designator=D4_OnOff18 Old VaultGUID=B7D15EC3-160A-466F-A46C-7801FE6295A7 New VaultGUID=B7D15EC3-160A-466F-A46C-7801FE6295A7 Old ItemGUID=78DB6818-8332-478B-B84A-FE0DE8B51709 New ItemGUID=263C58D6-E11B-4035-9856-8F8CB6BCCFF3 Old RevisionGUID=2F36A327-34DA-4500-9DF0-40366BAF2BF6 New RevisionGUID=1066E254-2BA5-4FBE-B121-3804984C9A07
Change Managed Component Library Link : Designator=D4_OnOff19 Old VaultGUID=B7D15EC3-160A-466F-A46C-7801FE6295A7 New VaultGUID=B7D15EC3-160A-466F-A46C-7801FE6295A7 Old ItemGUID=78DB6818-8332-478B-B84A-FE0DE8B51709 New ItemGUID=263C58D6-E11B-4035-9856-8F8CB6BCCFF3 Old RevisionGUID=2F36A327-34DA-4500-9DF0-40366BAF2BF6 New RevisionGUID=1066E254-2BA5-4FBE-B121-3804984C9A07
Change Managed Component Library Link : Designator=D4_OnOff20 Old VaultGUID=B7D15EC3-160A-466F-A46C-7801FE6295A7 New VaultGUID=B7D15EC3-160A-466F-A46C-7801FE6295A7 Old ItemGUID=78DB6818-8332-478B-B84A-FE0DE8B51709 New ItemGUID=263C58D6-E11B-4035-9856-8F8CB6BCCFF3 Old RevisionGUID=2F36A327-34DA-4500-9DF0-40366BAF2BF6 New RevisionGUID=1066E254-2BA5-4FBE-B121-3804984C9A07
Change Managed Component Library Link : Designator=D4_OnOff21 Old VaultGUID=B7D15EC3-160A-466F-A46C-7801FE6295A7 New VaultGUID=B7D15EC3-160A-466F-A46C-7801FE6295A7 Old ItemGUID=78DB6818-8332-478B-B84A-FE0DE8B51709 New ItemGUID=263C58D6-E11B-4035-9856-8F8CB6BCCFF3 Old RevisionGUID=2F36A327-34DA-4500-9DF0-40366BAF2BF6 New RevisionGUID=1066E254-2BA5-4FBE-B121-3804984C9A07
Change Managed Component Library Link : Designator=D4_OnOff22 Old VaultGUID=B7D15EC3-160A-466F-A46C-7801FE6295A7 New VaultGUID=B7D15EC3-160A-466F-A46C-7801FE6295A7 Old ItemGUID=78DB6818-8332-478B-B84A-FE0DE8B51709 New ItemGUID=263C58D6-E11B-4035-9856-8F8CB6BCCFF3 Old RevisionGUID=2F36A327-34DA-4500-9DF0-40366BAF2BF6 New RevisionGUID=1066E254-2BA5-4FBE-B121-3804984C9A07
Change Managed Component Library Link : Designator=D4_OnOff23 Old VaultGUID=B7D15EC3-160A-466F-A46C-7801FE6295A7 New VaultGUID=B7D15EC3-160A-466F-A46C-7801FE6295A7 Old ItemGUID=78DB6818-8332-478B-B84A-FE0DE8B51709 New ItemGUID=263C58D6-E11B-4035-9856-8F8CB6BCCFF3 Old RevisionGUID=2F36A327-34DA-4500-9DF0-40366BAF2BF6 New RevisionGUID=1066E254-2BA5-4FBE-B121-3804984C9A07
Change Managed Component Library Link : Designator=D4_OnOff24 Old VaultGUID=B7D15EC3-160A-466F-A46C-7801FE6295A7 New VaultGUID=B7D15EC3-160A-466F-A46C-7801FE6295A7 Old ItemGUID=78DB6818-8332-478B-B84A-FE0DE8B51709 New ItemGUID=263C58D6-E11B-4035-9856-8F8CB6BCCFF3 Old RevisionGUID=2F36A327-34DA-4500-9DF0-40366BAF2BF6 New RevisionGUID=1066E254-2BA5-4FBE-B121-3804984C9A07
Change Managed Component Library Link : Designator=D4_OnOff25 Old VaultGUID=B7D15EC3-160A-466F-A46C-7801FE6295A7 New VaultGUID=B7D15EC3-160A-466F-A46C-7801FE6295A7 Old ItemGUID=78DB6818-8332-478B-B84A-FE0DE8B51709 New ItemGUID=263C58D6-E11B-4035-9856-8F8CB6BCCFF3 Old RevisionGUID=2F36A327-34DA-4500-9DF0-40366BAF2BF6 New RevisionGUID=1066E254-2BA5-4FBE-B121-3804984C9A07
Change Managed Component Library Link : Designator=D4_OnOff26 Old VaultGUID=B7D15EC3-160A-466F-A46C-7801FE6295A7 New VaultGUID=B7D15EC3-160A-466F-A46C-7801FE6295A7 Old ItemGUID=78DB6818-8332-478B-B84A-FE0DE8B51709 New ItemGUID=263C58D6-E11B-4035-9856-8F8CB6BCCFF3 Old RevisionGUID=2F36A327-34DA-4500-9DF0-40366BAF2BF6 New RevisionGUID=1066E254-2BA5-4FBE-B121-3804984C9A07
Change component parameters: Designator = "D4_OnOff1" ("D4"); Footprint = "0603_A"; UniqueID = "\1SWPTLIPU\WPOWNKTS" ("\1SWPTLIPU\WPOWNKTS")
Change component parameters (AddParameter): Name = "Color"; Value = "Red"; VariantName = "[No Variations]"
Change component parameters (AddParameter): Name = "ComponentLink1Description"; Value = "Manufacturer URL"; VariantName = "[No Variations]"
Change component parameters (AddParameter): Name = "ComponentLink1URL"; Value = "http://www.we-online.com"; VariantName = "[No Variations]"
Change component parameters (AddParameter): Name = "ComponentLink2Description"; Value = "Datasheet"; VariantName = "[No Variations]"
Change component parameters (AddParameter): Name = "ComponentLink2URL"; Value = "http://katalog.we-online.com/led/datasheet/150060RS75000.pdf"; VariantName = "[No Variations]"
Change component parameters (AddParameter): Name = "Manufacturer"; Value = "Wuerth Elektronik"; VariantName = "[No Variations]"
Change component parameters (AddParameter): Name = "PackageReference"; Value = "0603_A"; VariantName = "[No Variations]"
Change component parameters (AddParameter): Name = "PartNumber"; Value = "150060RS75000"; VariantName = "[No Variations]"
Change component parameters: Designator = "D4_OnOff2" ("D4"); Footprint = "0603_A"; UniqueID = "\2SWPTLIPU\WPOWNKTS" ("\2SWPTLIPU\WPOWNKTS")
Change component parameters (AddParameter): Name = "Color"; Value = "Red"; VariantName = "[No Variations]"
Change component parameters (AddParameter): Name = "ComponentLink1Description"; Value = "Manufacturer URL"; VariantName = "[No Variations]"
Change component parameters (AddParameter): Name = "ComponentLink1URL"; Value = "http://www.we-online.com"; VariantName = "[No Variations]"
Change component parameters (AddParameter): Name = "ComponentLink2Description"; Value = "Datasheet"; VariantName = "[No Variations]"
Change component parameters (AddParameter): Name = "ComponentLink2URL"; Value = "http://katalog.we-online.com/led/datasheet/150060RS75000.pdf"; VariantName = "[No Variations]"
Change component parameters (AddParameter): Name = "Manufacturer"; Value = "Wuerth Elektronik"; VariantName = "[No Variations]"
Change component parameters (AddParameter): Name = "PackageReference"; Value = "0603_A"; VariantName = "[No Variations]"
Change component parameters (AddParameter): Name = "PartNumber"; Value = "150060RS75000"; VariantName = "[No Variations]"
Change component parameters: Designator = "D4_OnOff3" ("D4"); Footprint = "0603_A"; UniqueID = "\3SWPTLIPU\WPOWNKTS" ("\3SWPTLIPU\WPOWNKTS")
Change component parameters (AddParameter): Name = "Color"; Value = "Red"; VariantName = "[No Variations]"
Change component parameters (AddParameter): Name = "ComponentLink1Description"; Value = "Manufacturer URL"; VariantName = "[No Variations]"
Change component parameters (AddParameter): Name = "ComponentLink1URL"; Value = "http://www.we-online.com"; VariantName = "[No Variations]"
Change component parameters (AddParameter): Name = "ComponentLink2Description"; Value = "Datasheet"; VariantName = "[No Variations]"
Change component parameters (AddParameter): Name = "ComponentLink2URL"; Value = "http://katalog.we-online.com/led/datasheet/150060RS75000.pdf"; VariantName = "[No Variations]"
Change component parameters (AddParameter): Name = "Manufacturer"; Value = "Wuerth Elektronik"; VariantName = "[No Variations]"
Change component parameters (AddParameter): Name = "PackageReference"; Value = "0603_A"; VariantName = "[No Variations]"
Change component parameters (AddParameter): Name = "PartNumber"; Value = "150060RS75000"; VariantName = "[No Variations]"
Change component parameters: Designator = "D4_OnOff4" ("D4"); Footprint = "0603_A"; UniqueID = "\4SWPTLIPU\WPOWNKTS" ("\4SWPTLIPU\WPOWNKTS")
Change component parameters (AddParameter): Name = "Color"; Value = "Red"; VariantName = "[No Variations]"
Change component parameters (AddParameter): Name = "ComponentLink1Description"; Value = "Manufacturer URL"; VariantName = "[No Variations]"
Change component parameters (AddParameter): Name = "ComponentLink1URL"; Value = "http://www.we-online.com"; VariantName = "[No Variations]"
Change component parameters (AddParameter): Name = "ComponentLink2Description"; Value = "Datasheet"; VariantName = "[No Variations]"
Change component parameters (AddParameter): Name = "ComponentLink2URL"; Value = "http://katalog.we-online.com/led/datasheet/150060RS75000.pdf"; VariantName = "[No Variations]"
Change component parameters (AddParameter): Name = "Manufacturer"; Value = "Wuerth Elektronik"; VariantName = "[No Variations]"
Change component parameters (AddParameter): Name = "PackageReference"; Value = "0603_A"; VariantName = "[No Variations]"
Change component parameters (AddParameter): Name = "PartNumber"; Value = "150060RS75000"; VariantName = "[No Variations]"
Change component parameters: Designator = "D4_OnOff5" ("D4"); Footprint = "0603_A"; UniqueID = "\5SWPTLIPU\WPOWNKTS" ("\5SWPTLIPU\WPOWNKTS")
Change component parameters (AddParameter): Name = "Color"; Value = "Red"; VariantName = "[No Variations]"
Change component parameters (AddParameter): Name = "ComponentLink1Description"; Value = "Manufacturer URL"; VariantName = "[No Variations]"
Change component parameters (AddParameter): Name = "ComponentLink1URL"; Value = "http://www.we-online.com"; VariantName = "[No Variations]"
Change component parameters (AddParameter): Name = "ComponentLink2Description"; Value = "Datasheet"; VariantName = "[No Variations]"
Change component parameters (AddParameter): Name = "ComponentLink2URL"; Value = "http://katalog.we-online.com/led/datasheet/150060RS75000.pdf"; VariantName = "[No Variations]"
Change component parameters (AddParameter): Name = "Manufacturer"; Value = "Wuerth Elektronik"; VariantName = "[No Variations]"
Change component parameters (AddParameter): Name = "PackageReference"; Value = "0603_A"; VariantName = "[No Variations]"
Change component parameters (AddParameter): Name = "PartNumber"; Value = "150060RS75000"; VariantName = "[No Variations]"
Change component parameters: Designator = "D4_OnOff6" ("D4"); Footprint = "0603_A"; UniqueID = "\6SWPTLIPU\WPOWNKTS" ("\6SWPTLIPU\WPOWNKTS")
Change component parameters (AddParameter): Name = "Color"; Value = "Red"; VariantName = "[No Variations]"
Change component parameters (AddParameter): Name = "ComponentLink1Description"; Value = "Manufacturer URL"; VariantName = "[No Variations]"
Change component parameters (AddParameter): Name = "ComponentLink1URL"; Value = "http://www.we-online.com"; VariantName = "[No Variations]"
Change component parameters (AddParameter): Name = "ComponentLink2Description"; Value = "Datasheet"; VariantName = "[No Variations]"
Change component parameters (AddParameter): Name = "ComponentLink2URL"; Value = "http://katalog.we-online.com/led/datasheet/150060RS75000.pdf"; VariantName = "[No Variations]"
Change component parameters (AddParameter): Name = "Manufacturer"; Value = "Wuerth Elektronik"; VariantName = "[No Variations]"
Change component parameters (AddParameter): Name = "PackageReference"; Value = "0603_A"; VariantName = "[No Variations]"
Change component parameters (AddParameter): Name = "PartNumber"; Value = "150060RS75000"; VariantName = "[No Variations]"
Change component parameters: Designator = "D4_OnOff7" ("D4"); Footprint = "0603_A"; UniqueID = "\7SWPTLIPU\WPOWNKTS" ("\7SWPTLIPU\WPOWNKTS")
Change component parameters (AddParameter): Name = "Color"; Value = "Red"; VariantName = "[No Variations]"
Change component parameters (AddParameter): Name = "ComponentLink1Description"; Value = "Manufacturer URL"; VariantName = "[No Variations]"
Change component parameters (AddParameter): Name = "ComponentLink1URL"; Value = "http://www.we-online.com"; VariantName = "[No Variations]"
Change component parameters (AddParameter): Name = "ComponentLink2Description"; Value = "Datasheet"; VariantName = "[No Variations]"
Change component parameters (AddParameter): Name = "ComponentLink2URL"; Value = "http://katalog.we-online.com/led/datasheet/150060RS75000.pdf"; VariantName = "[No Variations]"
Change component parameters (AddParameter): Name = "Manufacturer"; Value = "Wuerth Elektronik"; VariantName = "[No Variations]"
Change component parameters (AddParameter): Name = "PackageReference"; Value = "0603_A"; VariantName = "[No Variations]"
Change component parameters (AddParameter): Name = "PartNumber"; Value = "150060RS75000"; VariantName = "[No Variations]"
Change component parameters: Designator = "D4_OnOff8" ("D4"); Footprint = "0603_A"; UniqueID = "\8SWPTLIPU\WPOWNKTS" ("\8SWPTLIPU\WPOWNKTS")
Change component parameters (AddParameter): Name = "Color"; Value = "Red"; VariantName = "[No Variations]"
Change component parameters (AddParameter): Name = "ComponentLink1Description"; Value = "Manufacturer URL"; VariantName = "[No Variations]"
Change component parameters (AddParameter): Name = "ComponentLink1URL"; Value = "http://www.we-online.com"; VariantName = "[No Variations]"
Change component parameters (AddParameter): Name = "ComponentLink2Description"; Value = "Datasheet"; VariantName = "[No Variations]"
Change component parameters (AddParameter): Name = "ComponentLink2URL"; Value = "http://katalog.we-online.com/led/datasheet/150060RS75000.pdf"; VariantName = "[No Variations]"
Change component parameters (AddParameter): Name = "Manufacturer"; Value = "Wuerth Elektronik"; VariantName = "[No Variations]"
Change component parameters (AddParameter): Name = "PackageReference"; Value = "0603_A"; VariantName = "[No Variations]"
Change component parameters (AddParameter): Name = "PartNumber"; Value = "150060RS75000"; VariantName = "[No Variations]"
Change component parameters: Designator = "D4_OnOff9" ("D4"); Footprint = "0603_A"; UniqueID = "\9SWPTLIPU\WPOWNKTS" ("\9SWPTLIPU\WPOWNKTS")
Change component parameters (AddParameter): Name = "Color"; Value = "Red"; VariantName = "[No Variations]"
Change component parameters (AddParameter): Name = "ComponentLink1Description"; Value = "Manufacturer URL"; VariantName = "[No Variations]"
Change component parameters (AddParameter): Name = "ComponentLink1URL"; Value = "http://www.we-online.com"; VariantName = "[No Variations]"
Change component parameters (AddParameter): Name = "ComponentLink2Description"; Value = "Datasheet"; VariantName = "[No Variations]"
Change component parameters (AddParameter): Name = "ComponentLink2URL"; Value = "http://katalog.we-online.com/led/datasheet/150060RS75000.pdf"; VariantName = "[No Variations]"
Change component parameters (AddParameter): Name = "Manufacturer"; Value = "Wuerth Elektronik"; VariantName = "[No Variations]"
Change component parameters (AddParameter): Name = "PackageReference"; Value = "0603_A"; VariantName = "[No Variations]"
Change component parameters (AddParameter): Name = "PartNumber"; Value = "150060RS75000"; VariantName = "[No Variations]"
Change component parameters: Designator = "D4_OnOff10" ("D4"); Footprint = "0603_A"; UniqueID = "\10SWPTLIPU\WPOWNKTS" ("\10SWPTLIPU\WPOWNKTS")
Change component parameters (AddParameter): Name = "Color"; Value = "Red"; VariantName = "[No Variations]"
Change component parameters (AddParameter): Name = "ComponentLink1Description"; Value = "Manufacturer URL"; VariantName = "[No Variations]"
Change component parameters (AddParameter): Name = "ComponentLink1URL"; Value = "http://www.we-online.com"; VariantName = "[No Variations]"
Change component parameters (AddParameter): Name = "ComponentLink2Description"; Value = "Datasheet"; VariantName = "[No Variations]"
Change component parameters (AddParameter): Name = "ComponentLink2URL"; Value = "http://katalog.we-online.com/led/datasheet/150060RS75000.pdf"; VariantName = "[No Variations]"
Change component parameters (AddParameter): Name = "Manufacturer"; Value = "Wuerth Elektronik"; VariantName = "[No Variations]"
Change component parameters (AddParameter): Name = "PackageReference"; Value = "0603_A"; VariantName = "[No Variations]"
Change component parameters (AddParameter): Name = "PartNumber"; Value = "150060RS75000"; VariantName = "[No Variations]"
Change component parameters: Designator = "D4_OnOff11" ("D4"); Footprint = "0603_A"; UniqueID = "\11SWPTLIPU\WPOWNKTS" ("\11SWPTLIPU\WPOWNKTS")
Change component parameters (AddParameter): Name = "Color"; Value = "Red"; VariantName = "[No Variations]"
Change component parameters (AddParameter): Name = "ComponentLink1Description"; Value = "Manufacturer URL"; VariantName = "[No Variations]"
Change component parameters (AddParameter): Name = "ComponentLink1URL"; Value = "http://www.we-online.com"; VariantName = "[No Variations]"
Change component parameters (AddParameter): Name = "ComponentLink2Description"; Value = "Datasheet"; VariantName = "[No Variations]"
Change component parameters (AddParameter): Name = "ComponentLink2URL"; Value = "http://katalog.we-online.com/led/datasheet/150060RS75000.pdf"; VariantName = "[No Variations]"
Change component parameters (AddParameter): Name = "Manufacturer"; Value = "Wuerth Elektronik"; VariantName = "[No Variations]"
Change component parameters (AddParameter): Name = "PackageReference"; Value = "0603_A"; VariantName = "[No Variations]"
Change component parameters (AddParameter): Name = "PartNumber"; Value = "150060RS75000"; VariantName = "[No Variations]"
Change component parameters: Designator = "D4_OnOff12" ("D4"); Footprint = "0603_A"; UniqueID = "\12SWPTLIPU\WPOWNKTS" ("\12SWPTLIPU\WPOWNKTS")
Change component parameters (AddParameter): Name = "Color"; Value = "Red"; VariantName = "[No Variations]"
Change component parameters (AddParameter): Name = "ComponentLink1Description"; Value = "Manufacturer URL"; VariantName = "[No Variations]"
Change component parameters (AddParameter): Name = "ComponentLink1URL"; Value = "http://www.we-online.com"; VariantName = "[No Variations]"
Change component parameters (AddParameter): Name = "ComponentLink2Description"; Value = "Datasheet"; VariantName = "[No Variations]"
Change component parameters (AddParameter): Name = "ComponentLink2URL"; Value = "http://katalog.we-online.com/led/datasheet/150060RS75000.pdf"; VariantName = "[No Variations]"
Change component parameters (AddParameter): Name = "Manufacturer"; Value = "Wuerth Elektronik"; VariantName = "[No Variations]"
Change component parameters (AddParameter): Name = "PackageReference"; Value = "0603_A"; VariantName = "[No Variations]"
Change component parameters (AddParameter): Name = "PartNumber"; Value = "150060RS75000"; VariantName = "[No Variations]"
Change component parameters: Designator = "D4_OnOff13" ("D4"); Footprint = "0603_A"; UniqueID = "\13SWPTLIPU\WPOWNKTS" ("\13SWPTLIPU\WPOWNKTS")
Change component parameters (AddParameter): Name = "Color"; Value = "Red"; VariantName = "[No Variations]"
Change component parameters (AddParameter): Name = "ComponentLink1Description"; Value = "Manufacturer URL"; VariantName = "[No Variations]"
Change component parameters (AddParameter): Name = "ComponentLink1URL"; Value = "http://www.we-online.com"; VariantName = "[No Variations]"
Change component parameters (AddParameter): Name = "ComponentLink2Description"; Value = "Datasheet"; VariantName = "[No Variations]"
Change component parameters (AddParameter): Name = "ComponentLink2URL"; Value = "http://katalog.we-online.com/led/datasheet/150060RS75000.pdf"; VariantName = "[No Variations]"
Change component parameters (AddParameter): Name = "Manufacturer"; Value = "Wuerth Elektronik"; VariantName = "[No Variations]"
Change component parameters (AddParameter): Name = "PackageReference"; Value = "0603_A"; VariantName = "[No Variations]"
Change component parameters (AddParameter): Name = "PartNumber"; Value = "150060RS75000"; VariantName = "[No Variations]"
Change component parameters: Designator = "D4_OnOff14" ("D4"); Footprint = "0603_A"; UniqueID = "\14SWPTLIPU\WPOWNKTS" ("\14SWPTLIPU\WPOWNKTS")
Change component parameters (AddParameter): Name = "Color"; Value = "Red"; VariantName = "[No Variations]"
Change component parameters (AddParameter): Name = "ComponentLink1Description"; Value = "Manufacturer URL"; VariantName = "[No Variations]"
Change component parameters (AddParameter): Name = "ComponentLink1URL"; Value = "http://www.we-online.com"; VariantName = "[No Variations]"
Change component parameters (AddParameter): Name = "ComponentLink2Description"; Value = "Datasheet"; VariantName = "[No Variations]"
Change component parameters (AddParameter): Name = "ComponentLink2URL"; Value = "http://katalog.we-online.com/led/datasheet/150060RS75000.pdf"; VariantName = "[No Variations]"
Change component parameters (AddParameter): Name = "Manufacturer"; Value = "Wuerth Elektronik"; VariantName = "[No Variations]"
Change component parameters (AddParameter): Name = "PackageReference"; Value = "0603_A"; VariantName = "[No Variations]"
Change component parameters (AddParameter): Name = "PartNumber"; Value = "150060RS75000"; VariantName = "[No Variations]"
Change component parameters: Designator = "D4_OnOff15" ("D4"); Footprint = "0603_A"; UniqueID = "\15SWPTLIPU\WPOWNKTS" ("\15SWPTLIPU\WPOWNKTS")
Change component parameters (AddParameter): Name = "Color"; Value = "Red"; VariantName = "[No Variations]"
Change component parameters (AddParameter): Name = "ComponentLink1Description"; Value = "Manufacturer URL"; VariantName = "[No Variations]"
Change component parameters (AddParameter): Name = "ComponentLink1URL"; Value = "http://www.we-online.com"; VariantName = "[No Variations]"
Change component parameters (AddParameter): Name = "ComponentLink2Description"; Value = "Datasheet"; VariantName = "[No Variations]"
Change component parameters (AddParameter): Name = "ComponentLink2URL"; Value = "http://katalog.we-online.com/led/datasheet/150060RS75000.pdf"; VariantName = "[No Variations]"
Change component parameters (AddParameter): Name = "Manufacturer"; Value = "Wuerth Elektronik"; VariantName = "[No Variations]"
Change component parameters (AddParameter): Name = "PackageReference"; Value = "0603_A"; VariantName = "[No Variations]"
Change component parameters (AddParameter): Name = "PartNumber"; Value = "150060RS75000"; VariantName = "[No Variations]"
Change component parameters: Designator = "D4_OnOff16" ("D4"); Footprint = "0603_A"; UniqueID = "\16SWPTLIPU\WPOWNKTS" ("\16SWPTLIPU\WPOWNKTS")
Change component parameters (AddParameter): Name = "Color"; Value = "Red"; VariantName = "[No Variations]"
Change component parameters (AddParameter): Name = "ComponentLink1Description"; Value = "Manufacturer URL"; VariantName = "[No Variations]"
Change component parameters (AddParameter): Name = "ComponentLink1URL"; Value = "http://www.we-online.com"; VariantName = "[No Variations]"
Change component parameters (AddParameter): Name = "ComponentLink2Description"; Value = "Datasheet"; VariantName = "[No Variations]"
Change component parameters (AddParameter): Name = "ComponentLink2URL"; Value = "http://katalog.we-online.com/led/datasheet/150060RS75000.pdf"; VariantName = "[No Variations]"
Change component parameters (AddParameter): Name = "Manufacturer"; Value = "Wuerth Elektronik"; VariantName = "[No Variations]"
Change component parameters (AddParameter): Name = "PackageReference"; Value = "0603_A"; VariantName = "[No Variations]"
Change component parameters (AddParameter): Name = "PartNumber"; Value = "150060RS75000"; VariantName = "[No Variations]"
Change component parameters: Designator = "D4_OnOff17" ("D4"); Footprint = "0603_A"; UniqueID = "\17SWPTLIPU\WPOWNKTS" ("\17SWPTLIPU\WPOWNKTS")
Change component parameters (AddParameter): Name = "Color"; Value = "Red"; VariantName = "[No Variations]"
Change component parameters (AddParameter): Name = "ComponentLink1Description"; Value = "Manufacturer URL"; VariantName = "[No Variations]"
Change component parameters (AddParameter): Name = "ComponentLink1URL"; Value = "http://www.we-online.com"; VariantName = "[No Variations]"
Change component parameters (AddParameter): Name = "ComponentLink2Description"; Value = "Datasheet"; VariantName = "[No Variations]"
Change component parameters (AddParameter): Name = "ComponentLink2URL"; Value = "http://katalog.we-online.com/led/datasheet/150060RS75000.pdf"; VariantName = "[No Variations]"
Change component parameters (AddParameter): Name = "Manufacturer"; Value = "Wuerth Elektronik"; VariantName = "[No Variations]"
Change component parameters (AddParameter): Name = "PackageReference"; Value = "0603_A"; VariantName = "[No Variations]"
Change component parameters (AddParameter): Name = "PartNumber"; Value = "150060RS75000"; VariantName = "[No Variations]"
Change component parameters: Designator = "D4_OnOff18" ("D4"); Footprint = "0603_A"; UniqueID = "\18SWPTLIPU\WPOWNKTS" ("\18SWPTLIPU\WPOWNKTS")
Change component parameters (AddParameter): Name = "Color"; Value = "Red"; VariantName = "[No Variations]"
Change component parameters (AddParameter): Name = "ComponentLink1Description"; Value = "Manufacturer URL"; VariantName = "[No Variations]"
Change component parameters (AddParameter): Name = "ComponentLink1URL"; Value = "http://www.we-online.com"; VariantName = "[No Variations]"
Change component parameters (AddParameter): Name = "ComponentLink2Description"; Value = "Datasheet"; VariantName = "[No Variations]"
Change component parameters (AddParameter): Name = "ComponentLink2URL"; Value = "http://katalog.we-online.com/led/datasheet/150060RS75000.pdf"; VariantName = "[No Variations]"
Change component parameters (AddParameter): Name = "Manufacturer"; Value = "Wuerth Elektronik"; VariantName = "[No Variations]"
Change component parameters (AddParameter): Name = "PackageReference"; Value = "0603_A"; VariantName = "[No Variations]"
Change component parameters (AddParameter): Name = "PartNumber"; Value = "150060RS75000"; VariantName = "[No Variations]"
Change component parameters: Designator = "D4_OnOff19" ("D4"); Footprint = "0603_A"; UniqueID = "\19SWPTLIPU\WPOWNKTS" ("\19SWPTLIPU\WPOWNKTS")
Change component parameters (AddParameter): Name = "Color"; Value = "Red"; VariantName = "[No Variations]"
Change component parameters (AddParameter): Name = "ComponentLink1Description"; Value = "Manufacturer URL"; VariantName = "[No Variations]"
Change component parameters (AddParameter): Name = "ComponentLink1URL"; Value = "http://www.we-online.com"; VariantName = "[No Variations]"
Change component parameters (AddParameter): Name = "ComponentLink2Description"; Value = "Datasheet"; VariantName = "[No Variations]"
Change component parameters (AddParameter): Name = "ComponentLink2URL"; Value = "http://katalog.we-online.com/led/datasheet/150060RS75000.pdf"; VariantName = "[No Variations]"
Change component parameters (AddParameter): Name = "Manufacturer"; Value = "Wuerth Elektronik"; VariantName = "[No Variations]"
Change component parameters (AddParameter): Name = "PackageReference"; Value = "0603_A"; VariantName = "[No Variations]"
Change component parameters (AddParameter): Name = "PartNumber"; Value = "150060RS75000"; VariantName = "[No Variations]"
Change component parameters: Designator = "D4_OnOff20" ("D4"); Footprint = "0603_A"; UniqueID = "\20SWPTLIPU\WPOWNKTS" ("\20SWPTLIPU\WPOWNKTS")
Change component parameters (AddParameter): Name = "Color"; Value = "Red"; VariantName = "[No Variations]"
Change component parameters (AddParameter): Name = "ComponentLink1Description"; Value = "Manufacturer URL"; VariantName = "[No Variations]"
Change component parameters (AddParameter): Name = "ComponentLink1URL"; Value = "http://www.we-online.com"; VariantName = "[No Variations]"
Change component parameters (AddParameter): Name = "ComponentLink2Description"; Value = "Datasheet"; VariantName = "[No Variations]"
Change component parameters (AddParameter): Name = "ComponentLink2URL"; Value = "http://katalog.we-online.com/led/datasheet/150060RS75000.pdf"; VariantName = "[No Variations]"
Change component parameters (AddParameter): Name = "Manufacturer"; Value = "Wuerth Elektronik"; VariantName = "[No Variations]"
Change component parameters (AddParameter): Name = "PackageReference"; Value = "0603_A"; VariantName = "[No Variations]"
Change component parameters (AddParameter): Name = "PartNumber"; Value = "150060RS75000"; VariantName = "[No Variations]"
Change component parameters: Designator = "D4_OnOff21" ("D4"); Footprint = "0603_A"; UniqueID = "\21SWPTLIPU\WPOWNKTS" ("\21SWPTLIPU\WPOWNKTS")
Change component parameters (AddParameter): Name = "Color"; Value = "Red"; VariantName = "[No Variations]"
Change component parameters (AddParameter): Name = "ComponentLink1Description"; Value = "Manufacturer URL"; VariantName = "[No Variations]"
Change component parameters (AddParameter): Name = "ComponentLink1URL"; Value = "http://www.we-online.com"; VariantName = "[No Variations]"
Change component parameters (AddParameter): Name = "ComponentLink2Description"; Value = "Datasheet"; VariantName = "[No Variations]"
Change component parameters (AddParameter): Name = "ComponentLink2URL"; Value = "http://katalog.we-online.com/led/datasheet/150060RS75000.pdf"; VariantName = "[No Variations]"
Change component parameters (AddParameter): Name = "Manufacturer"; Value = "Wuerth Elektronik"; VariantName = "[No Variations]"
Change component parameters (AddParameter): Name = "PackageReference"; Value = "0603_A"; VariantName = "[No Variations]"
Change component parameters (AddParameter): Name = "PartNumber"; Value = "150060RS75000"; VariantName = "[No Variations]"
Change component parameters: Designator = "D4_OnOff22" ("D4"); Footprint = "0603_A"; UniqueID = "\22SWPTLIPU\WPOWNKTS" ("\22SWPTLIPU\WPOWNKTS")
Change component parameters (AddParameter): Name = "Color"; Value = "Red"; VariantName = "[No Variations]"
Change component parameters (AddParameter): Name = "ComponentLink1Description"; Value = "Manufacturer URL"; VariantName = "[No Variations]"
Change component parameters (AddParameter): Name = "ComponentLink1URL"; Value = "http://www.we-online.com"; VariantName = "[No Variations]"
Change component parameters (AddParameter): Name = "ComponentLink2Description"; Value = "Datasheet"; VariantName = "[No Variations]"
Change component parameters (AddParameter): Name = "ComponentLink2URL"; Value = "http://katalog.we-online.com/led/datasheet/150060RS75000.pdf"; VariantName = "[No Variations]"
Change component parameters (AddParameter): Name = "Manufacturer"; Value = "Wuerth Elektronik"; VariantName = "[No Variations]"
Change component parameters (AddParameter): Name = "PackageReference"; Value = "0603_A"; VariantName = "[No Variations]"
Change component parameters (AddParameter): Name = "PartNumber"; Value = "150060RS75000"; VariantName = "[No Variations]"
Change component parameters: Designator = "D4_OnOff23" ("D4"); Footprint = "0603_A"; UniqueID = "\23SWPTLIPU\WPOWNKTS" ("\23SWPTLIPU\WPOWNKTS")
Change component parameters (AddParameter): Name = "Color"; Value = "Red"; VariantName = "[No Variations]"
Change component parameters (AddParameter): Name = "ComponentLink1Description"; Value = "Manufacturer URL"; VariantName = "[No Variations]"
Change component parameters (AddParameter): Name = "ComponentLink1URL"; Value = "http://www.we-online.com"; VariantName = "[No Variations]"
Change component parameters (AddParameter): Name = "ComponentLink2Description"; Value = "Datasheet"; VariantName = "[No Variations]"
Change component parameters (AddParameter): Name = "ComponentLink2URL"; Value = "http://katalog.we-online.com/led/datasheet/150060RS75000.pdf"; VariantName = "[No Variations]"
Change component parameters (AddParameter): Name = "Manufacturer"; Value = "Wuerth Elektronik"; VariantName = "[No Variations]"
Change component parameters (AddParameter): Name = "PackageReference"; Value = "0603_A"; VariantName = "[No Variations]"
Change component parameters (AddParameter): Name = "PartNumber"; Value = "150060RS75000"; VariantName = "[No Variations]"
Change component parameters: Designator = "D4_OnOff24" ("D4"); Footprint = "0603_A"; UniqueID = "\24SWPTLIPU\WPOWNKTS" ("\24SWPTLIPU\WPOWNKTS")
Change component parameters (AddParameter): Name = "Color"; Value = "Red"; VariantName = "[No Variations]"
Change component parameters (AddParameter): Name = "ComponentLink1Description"; Value = "Manufacturer URL"; VariantName = "[No Variations]"
Change component parameters (AddParameter): Name = "ComponentLink1URL"; Value = "http://www.we-online.com"; VariantName = "[No Variations]"
Change component parameters (AddParameter): Name = "ComponentLink2Description"; Value = "Datasheet"; VariantName = "[No Variations]"
Change component parameters (AddParameter): Name = "ComponentLink2URL"; Value = "http://katalog.we-online.com/led/datasheet/150060RS75000.pdf"; VariantName = "[No Variations]"
Change component parameters (AddParameter): Name = "Manufacturer"; Value = "Wuerth Elektronik"; VariantName = "[No Variations]"
Change component parameters (AddParameter): Name = "PackageReference"; Value = "0603_A"; VariantName = "[No Variations]"
Change component parameters (AddParameter): Name = "PartNumber"; Value = "150060RS75000"; VariantName = "[No Variations]"
Change component parameters: Designator = "D4_OnOff25" ("D4"); Footprint = "0603_A"; UniqueID = "\25SWPTLIPU\WPOWNKTS" ("\25SWPTLIPU\WPOWNKTS")
Change component parameters (AddParameter): Name = "Color"; Value = "Red"; VariantName = "[No Variations]"
Change component parameters (AddParameter): Name = "ComponentLink1Description"; Value = "Manufacturer URL"; VariantName = "[No Variations]"
Change component parameters (AddParameter): Name = "ComponentLink1URL"; Value = "http://www.we-online.com"; VariantName = "[No Variations]"
Change component parameters (AddParameter): Name = "ComponentLink2Description"; Value = "Datasheet"; VariantName = "[No Variations]"
Change component parameters (AddParameter): Name = "ComponentLink2URL"; Value = "http://katalog.we-online.com/led/datasheet/150060RS75000.pdf"; VariantName = "[No Variations]"
Change component parameters (AddParameter): Name = "Manufacturer"; Value = "Wuerth Elektronik"; VariantName = "[No Variations]"
Change component parameters (AddParameter): Name = "PackageReference"; Value = "0603_A"; VariantName = "[No Variations]"
Change component parameters (AddParameter): Name = "PartNumber"; Value = "150060RS75000"; VariantName = "[No Variations]"
Change component parameters: Designator = "D4_OnOff26" ("D4"); Footprint = "0603_A"; UniqueID = "\26SWPTLIPU\WPOWNKTS" ("\26SWPTLIPU\WPOWNKTS")
Change component parameters (AddParameter): Name = "Color"; Value = "Red"; VariantName = "[No Variations]"
Change component parameters (AddParameter): Name = "ComponentLink1Description"; Value = "Manufacturer URL"; VariantName = "[No Variations]"
Change component parameters (AddParameter): Name = "ComponentLink1URL"; Value = "http://www.we-online.com"; VariantName = "[No Variations]"
Change component parameters (AddParameter): Name = "ComponentLink2Description"; Value = "Datasheet"; VariantName = "[No Variations]"
Change component parameters (AddParameter): Name = "ComponentLink2URL"; Value = "http://katalog.we-online.com/led/datasheet/150060RS75000.pdf"; VariantName = "[No Variations]"
Change component parameters (AddParameter): Name = "Manufacturer"; Value = "Wuerth Elektronik"; VariantName = "[No Variations]"
Change component parameters (AddParameter): Name = "PackageReference"; Value = "0603_A"; VariantName = "[No Variations]"
Change component parameters (AddParameter): Name = "PartNumber"; Value = "150060RS75000"; VariantName = "[No Variations]"
